This file contains any messages produced by compilers while
running configure, to aid debugging if configure makes a mistake.

It was created by GnuCOBOL configure 2.0, which was
generated by GNU Autoconf 2.69.  Invocation command line was

  $ ./configure 

## --------- ##
## Platform. ##
## --------- ##

hostname = latitude
uname -m = x86_64
uname -r = 15.6.0
uname -s = Darwin
uname -v = Darwin Kernel Version 15.6.0: Mon Jan  9 23:07:29 PST 2017; root:xnu-3248.60.11.2.1~1/RELEASE_X86_64

/usr/bin/uname -p = i386
/bin/uname -X     = unknown

/bin/arch              = unknown
/usr/bin/arch -k       = unknown
/usr/convex/getsysinfo = unknown
/usr/bin/hostinfo      = Mach kernel version:
	 Darwin Kernel Version 15.6.0: Mon Jan  9 23:07:29 PST 2017; root:xnu-3248.60.11.2.1~1/RELEASE_X86_64
Kernel configured for up to 8 processors.
4 processors are physically available.
8 processors are logically available.
Processor type: x86_64h (Intel x86-64h Haswell)
Processors active: 0 1 2 3 4 5 6 7
Primary memory available: 16.00 gigabytes
Default processor set: 313 tasks, 1947 threads, 8 processors
Load average: 1.62, Mach factor: 6.36
/bin/machine           = unknown
/usr/bin/oslevel       = unknown
/bin/universe          = unknown

PATH: /Users/tjwebb/.yarn/bin
PATH: /Users/tjwebb/.yarn/bin
PATH: /usr/local/bin
PATH: /usr/bin
PATH: /bin
PATH: /usr/sbin
PATH: /sbin
PATH: /opt/X11/bin
PATH: /usr/local/MacGPG2/bin


## ----------- ##
## Core tests. ##
## ----------- ##

configure:2436: checking for a BSD-compatible install
configure:2504: result: /usr/bin/install -c
configure:2515: checking whether build environment is sane
configure:2570: result: yes
configure:2721: checking for a thread-safe mkdir -p
configure:2760: result: build_aux/install-sh -c -d
configure:2767: checking for gawk
configure:2797: result: no
configure:2767: checking for mawk
configure:2797: result: no
configure:2767: checking for nawk
configure:2797: result: no
configure:2767: checking for awk
configure:2783: found /usr/bin/awk
configure:2794: result: awk
configure:2805: checking whether make sets $(MAKE)
configure:2827: result: yes
configure:2856: checking whether make supports nested variables
configure:2873: result: yes
configure:3000: checking whether to enable maintainer-specific portions of Makefiles
configure:3009: result: no
configure:3212: checking for gcc
configure:3228: found /usr/bin/gcc
configure:3239: result: gcc
configure:3270: checking for C compiler version
configure:3279: gcc --version >&5
Apple LLVM version 8.0.0 (clang-800.0.42.1)
Target: x86_64-apple-darwin15.6.0
Thread model: posix
InstalledDir: /Applications/Xcode.app/Contents/Developer/Toolchains/XcodeDefault.xctoolchain/usr/bin
Configured with: --prefix=/Applications/Xcode.app/Contents/Developer/usr --with-gxx-include-dir=/usr/include/c++/4.2.1
configure:3290: $? = 0
configure:3279: gcc -v >&5
Configured with: --prefix=/Applications/Xcode.app/Contents/Developer/usr --with-gxx-include-dir=/usr/include/c++/4.2.1
Apple LLVM version 8.0.0 (clang-800.0.42.1)
Target: x86_64-apple-darwin15.6.0
Thread model: posix
InstalledDir: /Applications/Xcode.app/Contents/Developer/Toolchains/XcodeDefault.xctoolchain/usr/bin
configure:3290: $? = 0
configure:3279: gcc -V >&5
clang: error: argument to '-V' is missing (expected 1 value)
clang: error: no input files
configure:3290: $? = 1
configure:3279: gcc -qversion >&5
clang: error: unknown argument: '-qversion'
clang: error: no input files
configure:3290: $? = 1
configure:3310: checking whether the C compiler works
configure:3332: gcc    -L/usr/local/opt/llvm37/lib/llvm-3.7/lib -L/usr/local/opt/llvm37/lib/llvm-3.7/lib conftest.c  >&5
configure:3336: $? = 0
configure:3384: result: yes
configure:3387: checking for C compiler default output file name
configure:3389: result: a.out
configure:3395: checking for suffix of executables
configure:3402: gcc -o conftest    -L/usr/local/opt/llvm37/lib/llvm-3.7/lib -L/usr/local/opt/llvm37/lib/llvm-3.7/lib conftest.c  >&5
configure:3406: $? = 0
configure:3428: result: 
configure:3450: checking whether we are cross compiling
configure:3458: gcc -o conftest    -L/usr/local/opt/llvm37/lib/llvm-3.7/lib -L/usr/local/opt/llvm37/lib/llvm-3.7/lib conftest.c  >&5
configure:3462: $? = 0
configure:3469: ./conftest
configure:3473: $? = 0
configure:3488: result: no
configure:3493: checking for suffix of object files
configure:3515: gcc -c   conftest.c >&5
configure:3519: $? = 0
configure:3540: result: o
configure:3544: checking whether we are using the GNU C compiler
configure:3563: gcc -c   conftest.c >&5
configure:3563: $? = 0
configure:3572: result: yes
configure:3581: checking whether gcc accepts -g
configure:3601: gcc -c -g  conftest.c >&5
configure:3601: $? = 0
configure:3642: result: yes
configure:3659: checking for gcc option to accept ISO C89
configure:3722: gcc  -c -g -O2  conftest.c >&5
configure:3722: $? = 0
configure:3735: result: none needed
configure:3760: checking whether gcc understands -c and -o together
configure:3782: gcc -c conftest.c -o conftest2.o
configure:3785: $? = 0
configure:3782: gcc -c conftest.c -o conftest2.o
configure:3785: $? = 0
configure:3797: result: yes
configure:3825: checking for style of include used by make
configure:3853: result: GNU
configure:3879: checking dependency style of gcc
configure:3990: result: gcc3
configure:4009: checking for gcc option to accept ISO C99
configure:4158: gcc  -c -g -O2  conftest.c >&5
configure:4158: $? = 0
configure:4171: result: none needed
configure:4279: checking for gcc option to accept ISO Standard C
configure:4290: result: none needed
configure:4303: checking how to run the C preprocessor
configure:4334: gcc -E  conftest.c
configure:4334: $? = 0
configure:4348: gcc -E  conftest.c
conftest.c:13:10: fatal error: 'ac_nonexistent.h' file not found
#include <ac_nonexistent.h>
         ^
1 error generated.
configure:4348: $? = 1
configure: failed program was:
| /* confdefs.h */
| #define PACKAGE_NAME "GnuCOBOL"
| #define PACKAGE_TARNAME "gnu-cobol"
| #define PACKAGE_VERSION "2.0"
| #define PACKAGE_STRING "GnuCOBOL 2.0"
| #define PACKAGE_BUGREPORT "open-cobol-list@lists.sourceforge.net"
| #define PACKAGE_URL "http://www.opencobol.org"
| #define PACKAGE "gnu-cobol"
| #define VERSION "2.0"
| #define PATCH_LEVEL 0
| #define MAX_CALL_FIELD_PARAMS 192
| /* end confdefs.h.  */
| #include <ac_nonexistent.h>
configure:4373: result: gcc -E
configure:4393: gcc -E  conftest.c
configure:4393: $? = 0
configure:4407: gcc -E  conftest.c
conftest.c:13:10: fatal error: 'ac_nonexistent.h' file not found
#include <ac_nonexistent.h>
         ^
1 error generated.
configure:4407: $? = 1
configure: failed program was:
| /* confdefs.h */
| #define PACKAGE_NAME "GnuCOBOL"
| #define PACKAGE_TARNAME "gnu-cobol"
| #define PACKAGE_VERSION "2.0"
| #define PACKAGE_STRING "GnuCOBOL 2.0"
| #define PACKAGE_BUGREPORT "open-cobol-list@lists.sourceforge.net"
| #define PACKAGE_URL "http://www.opencobol.org"
| #define PACKAGE "gnu-cobol"
| #define VERSION "2.0"
| #define PATCH_LEVEL 0
| #define MAX_CALL_FIELD_PARAMS 192
| /* end confdefs.h.  */
| #include <ac_nonexistent.h>
configure:4438: checking for grep that handles long lines and -e
configure:4496: result: /usr/bin/grep
configure:4501: checking for egrep
configure:4563: result: /usr/bin/grep -E
configure:4568: checking for ANSI C header files
configure:4588: gcc -c -g -O2  conftest.c >&5
configure:4588: $? = 0
configure:4661: gcc -o conftest -g -O2   -L/usr/local/opt/llvm37/lib/llvm-3.7/lib -L/usr/local/opt/llvm37/lib/llvm-3.7/lib conftest.c  >&5
configure:4661: $? = 0
configure:4661: ./conftest
configure:4661: $? = 0
configure:4672: result: yes
configure:4685: checking for sys/types.h
configure:4685: gcc -c -g -O2  conftest.c >&5
configure:4685: $? = 0
configure:4685: result: yes
configure:4685: checking for sys/stat.h
configure:4685: gcc -c -g -O2  conftest.c >&5
configure:4685: $? = 0
configure:4685: result: yes
configure:4685: checking for stdlib.h
configure:4685: gcc -c -g -O2  conftest.c >&5
configure:4685: $? = 0
configure:4685: result: yes
configure:4685: checking for string.h
configure:4685: gcc -c -g -O2  conftest.c >&5
configure:4685: $? = 0
configure:4685: result: yes
configure:4685: checking for memory.h
configure:4685: gcc -c -g -O2  conftest.c >&5
configure:4685: $? = 0
configure:4685: result: yes
configure:4685: checking for strings.h
configure:4685: gcc -c -g -O2  conftest.c >&5
configure:4685: $? = 0
configure:4685: result: yes
configure:4685: checking for inttypes.h
configure:4685: gcc -c -g -O2  conftest.c >&5
configure:4685: $? = 0
configure:4685: result: yes
configure:4685: checking for stdint.h
configure:4685: gcc -c -g -O2  conftest.c >&5
configure:4685: $? = 0
configure:4685: result: yes
configure:4685: checking for unistd.h
configure:4685: gcc -c -g -O2  conftest.c >&5
configure:4685: $? = 0
configure:4685: result: yes
configure:4698: checking minix/config.h usability
configure:4698: gcc -c -g -O2  conftest.c >&5
conftest.c:56:10: fatal error: 'minix/config.h' file not found
#include <minix/config.h>
         ^
1 error generated.
configure:4698: $? = 1
configure: failed program was:
| /* confdefs.h */
| #define PACKAGE_NAME "GnuCOBOL"
| #define PACKAGE_TARNAME "gnu-cobol"
| #define PACKAGE_VERSION "2.0"
| #define PACKAGE_STRING "GnuCOBOL 2.0"
| #define PACKAGE_BUGREPORT "open-cobol-list@lists.sourceforge.net"
| #define PACKAGE_URL "http://www.opencobol.org"
| #define PACKAGE "gnu-cobol"
| #define VERSION "2.0"
| #define PATCH_LEVEL 0
| #define MAX_CALL_FIELD_PARAMS 192
| #define STDC_HEADERS 1
| #define HAVE_SYS_TYPES_H 1
| #define HAVE_SYS_STAT_H 1
| #define HAVE_STDLIB_H 1
| #define HAVE_STRING_H 1
| #define HAVE_MEMORY_H 1
| #define HAVE_STRINGS_H 1
| #define HAVE_INTTYPES_H 1
| #define HAVE_STDINT_H 1
| #define HAVE_UNISTD_H 1
| /* end confdefs.h.  */
| #include <stdio.h>
| #ifdef HAVE_SYS_TYPES_H
| # include <sys/types.h>
| #endif
| #ifdef HAVE_SYS_STAT_H
| # include <sys/stat.h>
| #endif
| #ifdef STDC_HEADERS
| # include <stdlib.h>
| # include <stddef.h>
| #else
| # ifdef HAVE_STDLIB_H
| #  include <stdlib.h>
| # endif
| #endif
| #ifdef HAVE_STRING_H
| # if !defined STDC_HEADERS && defined HAVE_MEMORY_H
| #  include <memory.h>
| # endif
| # include <string.h>
| #endif
| #ifdef HAVE_STRINGS_H
| # include <strings.h>
| #endif
| #ifdef HAVE_INTTYPES_H
| # include <inttypes.h>
| #endif
| #ifdef HAVE_STDINT_H
| # include <stdint.h>
| #endif
| #ifdef HAVE_UNISTD_H
| # include <unistd.h>
| #endif
| #include <minix/config.h>
configure:4698: result: no
configure:4698: checking minix/config.h presence
configure:4698: gcc -E  conftest.c
conftest.c:23:10: fatal error: 'minix/config.h' file not found
#include <minix/config.h>
         ^
1 error generated.
configure:4698: $? = 1
configure: failed program was:
| /* confdefs.h */
| #define PACKAGE_NAME "GnuCOBOL"
| #define PACKAGE_TARNAME "gnu-cobol"
| #define PACKAGE_VERSION "2.0"
| #define PACKAGE_STRING "GnuCOBOL 2.0"
| #define PACKAGE_BUGREPORT "open-cobol-list@lists.sourceforge.net"
| #define PACKAGE_URL "http://www.opencobol.org"
| #define PACKAGE "gnu-cobol"
| #define VERSION "2.0"
| #define PATCH_LEVEL 0
| #define MAX_CALL_FIELD_PARAMS 192
| #define STDC_HEADERS 1
| #define HAVE_SYS_TYPES_H 1
| #define HAVE_SYS_STAT_H 1
| #define HAVE_STDLIB_H 1
| #define HAVE_STRING_H 1
| #define HAVE_MEMORY_H 1
| #define HAVE_STRINGS_H 1
| #define HAVE_INTTYPES_H 1
| #define HAVE_STDINT_H 1
| #define HAVE_UNISTD_H 1
| /* end confdefs.h.  */
| #include <minix/config.h>
configure:4698: result: no
configure:4698: checking for minix/config.h
configure:4698: result: no
configure:4719: checking whether it is safe to define __EXTENSIONS__
configure:4737: gcc -c -g -O2  conftest.c >&5
configure:4737: $? = 0
configure:4744: result: yes
configure:4788: checking build system type
configure:4802: result: x86_64-apple-darwin15.6.0
configure:4822: checking host system type
configure:4835: result: x86_64-apple-darwin15.6.0
configure:4876: checking how to print strings
configure:4903: result: printf
configure:4924: checking for a sed that does not truncate output
configure:4988: result: /usr/bin/sed
configure:5006: checking for fgrep
configure:5068: result: /usr/bin/grep -F
configure:5103: checking for ld used by gcc
configure:5170: result: /Applications/Xcode.app/Contents/Developer/Toolchains/XcodeDefault.xctoolchain/usr/bin/ld
configure:5177: checking if the linker (/Applications/Xcode.app/Contents/Developer/Toolchains/XcodeDefault.xctoolchain/usr/bin/ld) is GNU ld
configure:5192: result: no
configure:5204: checking for BSD- or MS-compatible name lister (nm)
configure:5258: result: /usr/bin/nm -B
configure:5388: checking the name lister (/usr/bin/nm -B) interface
configure:5395: gcc -c -g -O2  conftest.c >&5
configure:5398: /usr/bin/nm -B "conftest.o"
configure:5401: output
000000000000020c S _some_variable
configure:5408: result: BSD nm
configure:5411: checking whether ln -s works
configure:5415: result: yes
configure:5423: checking the maximum length of command line arguments
configure:5554: result: 196608
configure:5602: checking how to convert x86_64-apple-darwin15.6.0 file names to x86_64-apple-darwin15.6.0 format
configure:5642: result: func_convert_file_noop
configure:5649: checking how to convert x86_64-apple-darwin15.6.0 file names to toolchain format
configure:5669: result: func_convert_file_noop
configure:5676: checking for /Applications/Xcode.app/Contents/Developer/Toolchains/XcodeDefault.xctoolchain/usr/bin/ld option to reload object files
configure:5683: result: -r
configure:5757: checking for objdump
configure:5787: result: no
configure:5813: checking how to recognize dependent libraries
configure:6013: result: pass_all
configure:6098: checking for dlltool
configure:6128: result: no
configure:6155: checking how to associate runtime and link libraries
configure:6182: result: printf %s\n
configure:6242: checking for ar
configure:6258: found /usr/bin/ar
configure:6269: result: ar
configure:6306: checking for archiver @FILE support
configure:6323: gcc -c -g -O2  conftest.c >&5
configure:6323: $? = 0
configure:6326: ar cru libconftest.a @conftest.lst >&5
ar: @conftest.lst: No such file or directory
configure:6329: $? = 1
configure:6349: result: no
configure:6407: checking for strip
configure:6423: found /usr/bin/strip
configure:6434: result: strip
configure:6506: checking for ranlib
configure:6522: found /usr/bin/ranlib
configure:6533: result: ranlib
configure:6635: checking command to parse /usr/bin/nm -B output from gcc object
configure:6788: gcc -c -g -O2  conftest.c >&5
configure:6791: $? = 0
configure:6795: /usr/bin/nm -B conftest.o \| sed -n -e 's/^.*[ ]\([BCDEGRST][BCDEGRST]*\)[ ][ ]*\([_A-Za-z][_A-Za-z0-9]*\)$/\1 \2 \2/p' | sed '/ __gnu_lto/d' \> conftest.nm
configure:6798: $? = 0
cannot find nm_test_var in conftest.nm
configure:6788: gcc -c -g -O2  conftest.c >&5
configure:6791: $? = 0
configure:6795: /usr/bin/nm -B conftest.o \| sed -n -e 's/^.*[ ]\([BCDEGRST][BCDEGRST]*\)[ ][ ]*_\([_A-Za-z][_A-Za-z0-9]*\)$/\1 _\2 \2/p' | sed '/ __gnu_lto/d' \> conftest.nm
configure:6798: $? = 0
configure:6864: gcc -o conftest -g -O2   -L/usr/local/opt/llvm37/lib/llvm-3.7/lib -L/usr/local/opt/llvm37/lib/llvm-3.7/lib conftest.c conftstm.o >&5
warning: (x86_64)  could not find object file symbol for symbol _main
configure:6867: $? = 0
configure:6905: result: ok
configure:6952: checking for sysroot
configure:6982: result: no
configure:6989: checking for a working dd
configure:7027: result: /bin/dd
configure:7031: checking how to truncate binary pipes
configure:7046: result: /bin/dd bs=4096 count=1
configure:7375: checking for mt
configure:7405: result: no
configure:7425: checking if : is a manifest tool
configure:7431: : '-?'
configure:7439: result: no
configure:7495: checking for dsymutil
configure:7511: found /usr/bin/dsymutil
configure:7522: result: dsymutil
configure:7587: checking for nmedit
configure:7603: found /usr/bin/nmedit
configure:7614: result: nmedit
configure:7679: checking for lipo
configure:7695: found /usr/bin/lipo
configure:7706: result: lipo
configure:7771: checking for otool
configure:7787: found /usr/bin/otool
configure:7798: result: otool
configure:7863: checking for otool64
configure:7893: result: no
configure:7938: checking for -single_module linker flag
gcc -g -O2  -L/usr/local/opt/llvm37/lib/llvm-3.7/lib -L/usr/local/opt/llvm37/lib/llvm-3.7/lib -o libconftest.dylib -dynamiclib -Wl,-single_module conftest.c
configure:7971: result: yes
configure:7974: checking for -exported_symbols_list linker flag
configure:7994: gcc -o conftest -g -O2   -L/usr/local/opt/llvm37/lib/llvm-3.7/lib -L/usr/local/opt/llvm37/lib/llvm-3.7/lib -Wl,-exported_symbols_list,conftest.sym conftest.c  >&5
configure:7994: $? = 0
configure:8004: result: yes
configure:8007: checking for -force_load linker flag
gcc -g -O2 -c -o conftest.o conftest.c
ar cru libconftest.a conftest.o
ranlib libconftest.a
gcc -g -O2  -L/usr/local/opt/llvm37/lib/llvm-3.7/lib -L/usr/local/opt/llvm37/lib/llvm-3.7/lib -o conftest conftest.c -Wl,-force_load,./libconftest.a
configure:8039: result: yes
configure:8113: checking for dlfcn.h
configure:8113: gcc -c -g -O2  conftest.c >&5
configure:8113: $? = 0
configure:8113: result: yes
configure:8666: checking for objdir
configure:8681: result: .libs
configure:8945: checking if gcc supports -fno-rtti -fno-exceptions
configure:8963: gcc -c -g -O2  -fno-rtti -fno-exceptions conftest.c >&5
configure:8967: $? = 0
configure:8980: result: yes
configure:9338: checking for gcc option to produce PIC
configure:9345: result: -fno-common -DPIC
configure:9353: checking if gcc PIC flag -fno-common -DPIC works
configure:9371: gcc -c -g -O2  -fno-common -DPIC -DPIC conftest.c >&5
configure:9375: $? = 0
configure:9388: result: yes
configure:9417: checking if gcc static flag -static works
configure:9445: result: no
configure:9460: checking if gcc supports -c -o file.o
configure:9481: gcc -c -g -O2  -o out/conftest2.o conftest.c >&5
configure:9485: $? = 0
configure:9507: result: yes
configure:9515: checking if gcc supports -c -o file.o
configure:9562: result: yes
configure:9595: checking whether the gcc linker (/Applications/Xcode.app/Contents/Developer/Toolchains/XcodeDefault.xctoolchain/usr/bin/ld) supports shared libraries
configure:10854: result: yes
configure:11094: checking dynamic linker characteristics
configure:11912: result: darwin15.6.0 dyld
configure:12034: checking how to hardcode library paths into programs
configure:12059: result: immediate
configure:12104: checking for dlopen in -ldl
configure:12129: gcc -o conftest -g -O2   -L/usr/local/opt/llvm37/lib/llvm-3.7/lib -L/usr/local/opt/llvm37/lib/llvm-3.7/lib conftest.c -ldl   >&5
configure:12129: $? = 0
configure:12138: result: yes
configure:12361: checking whether a program can dlopen itself
configure:12441: gcc -o conftest -g -O2  -DHAVE_DLFCN_H  -L/usr/local/opt/llvm37/lib/llvm-3.7/lib -L/usr/local/opt/llvm37/lib/llvm-3.7/lib  conftest.c -ldl  >&5
configure:12444: $? = 0
configure:12462: result: yes
configure:12467: checking whether a statically linked program can dlopen itself
configure:12547: gcc -o conftest -g -O2  -DHAVE_DLFCN_H  -L/usr/local/opt/llvm37/lib/llvm-3.7/lib -L/usr/local/opt/llvm37/lib/llvm-3.7/lib   conftest.c -ldl  >&5
configure:12550: $? = 0
configure:12568: result: yes
configure:12607: checking whether stripping libraries is possible
configure:12621: result: yes
configure:12647: checking if libtool supports shared libraries
configure:12649: result: yes
configure:12652: checking whether to build shared libraries
configure:12677: result: yes
configure:12680: checking whether to build static libraries
configure:12684: result: yes
configure:12722: checking for egrep
configure:12784: result: /usr/bin/grep -E
configure:12793: checking whether ln -s works
configure:12797: result: yes
configure:12810: checking whether make sets $(MAKE)
configure:12832: result: yes
configure:12866: checking for ld used by gcc
configure:12933: result: /Applications/Xcode.app/Contents/Developer/Toolchains/XcodeDefault.xctoolchain/usr/bin/ld
configure:12940: checking if the linker (/Applications/Xcode.app/Contents/Developer/Toolchains/XcodeDefault.xctoolchain/usr/bin/ld) is GNU ld
configure:12955: result: no
configure:12962: checking for shared library run path origin
configure:12975: result: done
configure:12997: checking for ANSI C header files
configure:13101: result: yes
configure:13113: checking for stdint.h
configure:13113: result: yes
configure:13113: checking for sys/types.h
configure:13113: result: yes
configure:13113: checking signal.h usability
configure:13113: gcc -c -g -O2  conftest.c >&5
configure:13113: $? = 0
configure:13113: result: yes
configure:13113: checking signal.h presence
configure:13113: gcc -E  conftest.c
configure:13113: $? = 0
configure:13113: result: yes
configure:13113: checking for signal.h
configure:13113: result: yes
configure:13113: checking fcntl.h usability
configure:13113: gcc -c -g -O2  conftest.c >&5
configure:13113: $? = 0
configure:13113: result: yes
configure:13113: checking fcntl.h presence
configure:13113: gcc -E  conftest.c
configure:13113: $? = 0
configure:13113: result: yes
configure:13113: checking for fcntl.h
configure:13113: result: yes
configure:13113: checking malloc.h usability
configure:13113: gcc -c -g -O2  conftest.c >&5
conftest.c:68:10: fatal error: 'malloc.h' file not found
#include <malloc.h>
         ^
1 error generated.
configure:13113: $? = 1
configure: failed program was:
| /* confdefs.h */
| #define PACKAGE_NAME "GnuCOBOL"
| #define PACKAGE_TARNAME "gnu-cobol"
| #define PACKAGE_VERSION "2.0"
| #define PACKAGE_STRING "GnuCOBOL 2.0"
| #define PACKAGE_BUGREPORT "open-cobol-list@lists.sourceforge.net"
| #define PACKAGE_URL "http://www.opencobol.org"
| #define PACKAGE "gnu-cobol"
| #define VERSION "2.0"
| #define PATCH_LEVEL 0
| #define MAX_CALL_FIELD_PARAMS 192
| #define STDC_HEADERS 1
| #define HAVE_SYS_TYPES_H 1
| #define HAVE_SYS_STAT_H 1
| #define HAVE_STDLIB_H 1
| #define HAVE_STRING_H 1
| #define HAVE_MEMORY_H 1
| #define HAVE_STRINGS_H 1
| #define HAVE_INTTYPES_H 1
| #define HAVE_STDINT_H 1
| #define HAVE_UNISTD_H 1
| #define __EXTENSIONS__ 1
| #define _ALL_SOURCE 1
| #define _GNU_SOURCE 1
| #define _POSIX_PTHREAD_SEMANTICS 1
| #define _TANDEM_SOURCE 1
| #define HAVE_DLFCN_H 1
| #define LT_OBJDIR ".libs/"
| #define STDC_HEADERS 1
| #define HAVE_STDINT_H 1
| #define HAVE_SYS_TYPES_H 1
| #define HAVE_SIGNAL_H 1
| #define HAVE_FCNTL_H 1
| /* end confdefs.h.  */
| #include <stdio.h>
| #ifdef HAVE_SYS_TYPES_H
| # include <sys/types.h>
| #endif
| #ifdef HAVE_SYS_STAT_H
| # include <sys/stat.h>
| #endif
| #ifdef STDC_HEADERS
| # include <stdlib.h>
| # include <stddef.h>
| #else
| # ifdef HAVE_STDLIB_H
| #  include <stdlib.h>
| # endif
| #endif
| #ifdef HAVE_STRING_H
| # if !defined STDC_HEADERS && defined HAVE_MEMORY_H
| #  include <memory.h>
| # endif
| # include <string.h>
| #endif
| #ifdef HAVE_STRINGS_H
| # include <strings.h>
| #endif
| #ifdef HAVE_INTTYPES_H
| # include <inttypes.h>
| #endif
| #ifdef HAVE_STDINT_H
| # include <stdint.h>
| #endif
| #ifdef HAVE_UNISTD_H
| # include <unistd.h>
| #endif
| #include <malloc.h>
configure:13113: result: no
configure:13113: checking malloc.h presence
configure:13113: gcc -E  conftest.c
conftest.c:35:10: fatal error: 'malloc.h' file not found
#include <malloc.h>
         ^
1 error generated.
configure:13113: $? = 1
configure: failed program was:
| /* confdefs.h */
| #define PACKAGE_NAME "GnuCOBOL"
| #define PACKAGE_TARNAME "gnu-cobol"
| #define PACKAGE_VERSION "2.0"
| #define PACKAGE_STRING "GnuCOBOL 2.0"
| #define PACKAGE_BUGREPORT "open-cobol-list@lists.sourceforge.net"
| #define PACKAGE_URL "http://www.opencobol.org"
| #define PACKAGE "gnu-cobol"
| #define VERSION "2.0"
| #define PATCH_LEVEL 0
| #define MAX_CALL_FIELD_PARAMS 192
| #define STDC_HEADERS 1
| #define HAVE_SYS_TYPES_H 1
| #define HAVE_SYS_STAT_H 1
| #define HAVE_STDLIB_H 1
| #define HAVE_STRING_H 1
| #define HAVE_MEMORY_H 1
| #define HAVE_STRINGS_H 1
| #define HAVE_INTTYPES_H 1
| #define HAVE_STDINT_H 1
| #define HAVE_UNISTD_H 1
| #define __EXTENSIONS__ 1
| #define _ALL_SOURCE 1
| #define _GNU_SOURCE 1
| #define _POSIX_PTHREAD_SEMANTICS 1
| #define _TANDEM_SOURCE 1
| #define HAVE_DLFCN_H 1
| #define LT_OBJDIR ".libs/"
| #define STDC_HEADERS 1
| #define HAVE_STDINT_H 1
| #define HAVE_SYS_TYPES_H 1
| #define HAVE_SIGNAL_H 1
| #define HAVE_FCNTL_H 1
| /* end confdefs.h.  */
| #include <malloc.h>
configure:13113: result: no
configure:13113: checking for malloc.h
configure:13113: result: no
configure:13113: checking locale.h usability
configure:13113: gcc -c -g -O2  conftest.c >&5
configure:13113: $? = 0
configure:13113: result: yes
configure:13113: checking locale.h presence
configure:13113: gcc -E  conftest.c
configure:13113: $? = 0
configure:13113: result: yes
configure:13113: checking for locale.h
configure:13113: result: yes
configure:13113: checking stddef.h usability
configure:13113: gcc -c -g -O2  conftest.c >&5
configure:13113: $? = 0
configure:13113: result: yes
configure:13113: checking stddef.h presence
configure:13113: gcc -E  conftest.c
configure:13113: $? = 0
configure:13113: result: yes
configure:13113: checking for stddef.h
configure:13113: result: yes
configure:13113: checking wchar.h usability
configure:13113: gcc -c -g -O2  conftest.c >&5
configure:13113: $? = 0
configure:13113: result: yes
configure:13113: checking wchar.h presence
configure:13113: gcc -E  conftest.c
configure:13113: $? = 0
configure:13113: result: yes
configure:13113: checking for wchar.h
configure:13113: result: yes
configure:13113: checking for dlfcn.h
configure:13113: result: yes
configure:13113: checking sys/time.h usability
configure:13113: gcc -c -g -O2  conftest.c >&5
configure:13113: $? = 0
configure:13113: result: yes
configure:13113: checking sys/time.h presence
configure:13113: gcc -E  conftest.c
configure:13113: $? = 0
configure:13113: result: yes
configure:13113: checking for sys/time.h
configure:13113: result: yes
configure:13126: checking for an ANSI C-conforming const
configure:13192: gcc -c -g -O2  conftest.c >&5
configure:13192: $? = 0
configure:13199: result: yes
configure:13207: checking whether byte ordering is bigendian
configure:13222: gcc -c -g -O2  conftest.c >&5
configure:13222: $? = 0
configure:13267: gcc -c -g -O2  conftest.c >&5
configure:13267: $? = 0
configure:13285: gcc -c -g -O2  conftest.c >&5
conftest.c:47:4: error: use of undeclared identifier 'not'
                 not big endian
                 ^
1 error generated.
configure:13285: $? = 1
configure: failed program was:
| /* confdefs.h */
| #define PACKAGE_NAME "GnuCOBOL"
| #define PACKAGE_TARNAME "gnu-cobol"
| #define PACKAGE_VERSION "2.0"
| #define PACKAGE_STRING "GnuCOBOL 2.0"
| #define PACKAGE_BUGREPORT "open-cobol-list@lists.sourceforge.net"
| #define PACKAGE_URL "http://www.opencobol.org"
| #define PACKAGE "gnu-cobol"
| #define VERSION "2.0"
| #define PATCH_LEVEL 0
| #define MAX_CALL_FIELD_PARAMS 192
| #define STDC_HEADERS 1
| #define HAVE_SYS_TYPES_H 1
| #define HAVE_SYS_STAT_H 1
| #define HAVE_STDLIB_H 1
| #define HAVE_STRING_H 1
| #define HAVE_MEMORY_H 1
| #define HAVE_STRINGS_H 1
| #define HAVE_INTTYPES_H 1
| #define HAVE_STDINT_H 1
| #define HAVE_UNISTD_H 1
| #define __EXTENSIONS__ 1
| #define _ALL_SOURCE 1
| #define _GNU_SOURCE 1
| #define _POSIX_PTHREAD_SEMANTICS 1
| #define _TANDEM_SOURCE 1
| #define HAVE_DLFCN_H 1
| #define LT_OBJDIR ".libs/"
| #define STDC_HEADERS 1
| #define HAVE_STDINT_H 1
| #define HAVE_SYS_TYPES_H 1
| #define HAVE_SIGNAL_H 1
| #define HAVE_FCNTL_H 1
| #define HAVE_LOCALE_H 1
| #define HAVE_STDDEF_H 1
| #define HAVE_WCHAR_H 1
| #define HAVE_DLFCN_H 1
| #define HAVE_SYS_TIME_H 1
| /* end confdefs.h.  */
| #include <sys/types.h>
| 		#include <sys/param.h>
| 
| int
| main ()
| {
| #if BYTE_ORDER != BIG_ENDIAN
| 		 not big endian
| 		#endif
| 
|   ;
|   return 0;
| }
configure:13413: result: no
configure:13431: checking for size_t
configure:13431: gcc -c -g -O2  conftest.c >&5
configure:13431: $? = 0
configure:13431: gcc -c -g -O2  conftest.c >&5
conftest.c:76:21: error: expected expression
if (sizeof ((size_t)))
                    ^
1 error generated.
configure:13431: $? = 1
configure: failed program was:
| /* confdefs.h */
| #define PACKAGE_NAME "GnuCOBOL"
| #define PACKAGE_TARNAME "gnu-cobol"
| #define PACKAGE_VERSION "2.0"
| #define PACKAGE_STRING "GnuCOBOL 2.0"
| #define PACKAGE_BUGREPORT "open-cobol-list@lists.sourceforge.net"
| #define PACKAGE_URL "http://www.opencobol.org"
| #define PACKAGE "gnu-cobol"
| #define VERSION "2.0"
| #define PATCH_LEVEL 0
| #define MAX_CALL_FIELD_PARAMS 192
| #define STDC_HEADERS 1
| #define HAVE_SYS_TYPES_H 1
| #define HAVE_SYS_STAT_H 1
| #define HAVE_STDLIB_H 1
| #define HAVE_STRING_H 1
| #define HAVE_MEMORY_H 1
| #define HAVE_STRINGS_H 1
| #define HAVE_INTTYPES_H 1
| #define HAVE_STDINT_H 1
| #define HAVE_UNISTD_H 1
| #define __EXTENSIONS__ 1
| #define _ALL_SOURCE 1
| #define _GNU_SOURCE 1
| #define _POSIX_PTHREAD_SEMANTICS 1
| #define _TANDEM_SOURCE 1
| #define HAVE_DLFCN_H 1
| #define LT_OBJDIR ".libs/"
| #define STDC_HEADERS 1
| #define HAVE_STDINT_H 1
| #define HAVE_SYS_TYPES_H 1
| #define HAVE_SIGNAL_H 1
| #define HAVE_FCNTL_H 1
| #define HAVE_LOCALE_H 1
| #define HAVE_STDDEF_H 1
| #define HAVE_WCHAR_H 1
| #define HAVE_DLFCN_H 1
| #define HAVE_SYS_TIME_H 1
| /* end confdefs.h.  */
| #include <stdio.h>
| #ifdef HAVE_SYS_TYPES_H
| # include <sys/types.h>
| #endif
| #ifdef HAVE_SYS_STAT_H
| # include <sys/stat.h>
| #endif
| #ifdef STDC_HEADERS
| # include <stdlib.h>
| # include <stddef.h>
| #else
| # ifdef HAVE_STDLIB_H
| #  include <stdlib.h>
| # endif
| #endif
| #ifdef HAVE_STRING_H
| # if !defined STDC_HEADERS && defined HAVE_MEMORY_H
| #  include <memory.h>
| # endif
| # include <string.h>
| #endif
| #ifdef HAVE_STRINGS_H
| # include <strings.h>
| #endif
| #ifdef HAVE_INTTYPES_H
| # include <inttypes.h>
| #endif
| #ifdef HAVE_STDINT_H
| # include <stdint.h>
| #endif
| #ifdef HAVE_UNISTD_H
| # include <unistd.h>
| #endif
| int
| main ()
| {
| if (sizeof ((size_t)))
| 	    return 0;
|   ;
|   return 0;
| }
configure:13431: result: yes
configure:13442: checking whether struct tm is in sys/time.h or time.h
configure:13462: gcc -c -g -O2  conftest.c >&5
configure:13462: $? = 0
configure:13469: result: time.h
configure:13477: checking for sig_atomic_t
configure:13477: gcc -c -g -O2  conftest.c >&5
configure:13477: $? = 0
configure:13477: gcc -c -g -O2  conftest.c >&5
conftest.c:45:27: error: expected expression
if (sizeof ((sig_atomic_t)))
                          ^
1 error generated.
configure:13477: $? = 1
configure: failed program was:
| /* confdefs.h */
| #define PACKAGE_NAME "GnuCOBOL"
| #define PACKAGE_TARNAME "gnu-cobol"
| #define PACKAGE_VERSION "2.0"
| #define PACKAGE_STRING "GnuCOBOL 2.0"
| #define PACKAGE_BUGREPORT "open-cobol-list@lists.sourceforge.net"
| #define PACKAGE_URL "http://www.opencobol.org"
| #define PACKAGE "gnu-cobol"
| #define VERSION "2.0"
| #define PATCH_LEVEL 0
| #define MAX_CALL_FIELD_PARAMS 192
| #define STDC_HEADERS 1
| #define HAVE_SYS_TYPES_H 1
| #define HAVE_SYS_STAT_H 1
| #define HAVE_STDLIB_H 1
| #define HAVE_STRING_H 1
| #define HAVE_MEMORY_H 1
| #define HAVE_STRINGS_H 1
| #define HAVE_INTTYPES_H 1
| #define HAVE_STDINT_H 1
| #define HAVE_UNISTD_H 1
| #define __EXTENSIONS__ 1
| #define _ALL_SOURCE 1
| #define _GNU_SOURCE 1
| #define _POSIX_PTHREAD_SEMANTICS 1
| #define _TANDEM_SOURCE 1
| #define HAVE_DLFCN_H 1
| #define LT_OBJDIR ".libs/"
| #define STDC_HEADERS 1
| #define HAVE_STDINT_H 1
| #define HAVE_SYS_TYPES_H 1
| #define HAVE_SIGNAL_H 1
| #define HAVE_FCNTL_H 1
| #define HAVE_LOCALE_H 1
| #define HAVE_STDDEF_H 1
| #define HAVE_WCHAR_H 1
| #define HAVE_DLFCN_H 1
| #define HAVE_SYS_TIME_H 1
| /* end confdefs.h.  */
| #include <signal.h>
| 
| int
| main ()
| {
| if (sizeof ((sig_atomic_t)))
| 	    return 0;
|   ;
|   return 0;
| }
configure:13477: result: yes
configure:13491: checking for inline keyword
configure:13515: gcc -c -g -O2  conftest.c >&5
configure:13515: $? = 0
configure:13523: result: __inline
configure:13531: checking for vprintf
configure:13531: gcc -o conftest -g -O2   -L/usr/local/opt/llvm37/lib/llvm-3.7/lib -L/usr/local/opt/llvm37/lib/llvm-3.7/lib conftest.c  >&5
conftest.c:65:6: warning: incompatible redeclaration of library function 'vprintf' [-Wincompatible-library-redeclaration]
char vprintf ();
     ^
conftest.c:65:6: note: 'vprintf' is a builtin with type 'int (const char *, struct __va_list_tag *)'
1 warning generated.
configure:13531: $? = 0
configure:13531: result: yes
configure:13537: checking for _doprnt
configure:13537: gcc -o conftest -g -O2   -L/usr/local/opt/llvm37/lib/llvm-3.7/lib -L/usr/local/opt/llvm37/lib/llvm-3.7/lib conftest.c  >&5
Undefined symbols for architecture x86_64:
  "__doprnt", referenced from:
      _main in conftest-6964dd.o
ld: symbol(s) not found for architecture x86_64
clang: error: linker command failed with exit code 1 (use -v to see invocation)
configure:13537: $? = 1
configure: failed program was:
| /* confdefs.h */
| #define PACKAGE_NAME "GnuCOBOL"
| #define PACKAGE_TARNAME "gnu-cobol"
| #define PACKAGE_VERSION "2.0"
| #define PACKAGE_STRING "GnuCOBOL 2.0"
| #define PACKAGE_BUGREPORT "open-cobol-list@lists.sourceforge.net"
| #define PACKAGE_URL "http://www.opencobol.org"
| #define PACKAGE "gnu-cobol"
| #define VERSION "2.0"
| #define PATCH_LEVEL 0
| #define MAX_CALL_FIELD_PARAMS 192
| #define STDC_HEADERS 1
| #define HAVE_SYS_TYPES_H 1
| #define HAVE_SYS_STAT_H 1
| #define HAVE_STDLIB_H 1
| #define HAVE_STRING_H 1
| #define HAVE_MEMORY_H 1
| #define HAVE_STRINGS_H 1
| #define HAVE_INTTYPES_H 1
| #define HAVE_STDINT_H 1
| #define HAVE_UNISTD_H 1
| #define __EXTENSIONS__ 1
| #define _ALL_SOURCE 1
| #define _GNU_SOURCE 1
| #define _POSIX_PTHREAD_SEMANTICS 1
| #define _TANDEM_SOURCE 1
| #define HAVE_DLFCN_H 1
| #define LT_OBJDIR ".libs/"
| #define STDC_HEADERS 1
| #define HAVE_STDINT_H 1
| #define HAVE_SYS_TYPES_H 1
| #define HAVE_SIGNAL_H 1
| #define HAVE_FCNTL_H 1
| #define HAVE_LOCALE_H 1
| #define HAVE_STDDEF_H 1
| #define HAVE_WCHAR_H 1
| #define HAVE_DLFCN_H 1
| #define HAVE_SYS_TIME_H 1
| #define HAVE_SIG_ATOMIC_T 1
| #define COB_KEYWORD_INLINE __inline
| #define HAVE_VPRINTF 1
| /* end confdefs.h.  */
| /* Define _doprnt to an innocuous variant, in case <limits.h> declares _doprnt.
|    For example, HP-UX 11i <limits.h> declares gettimeofday.  */
| #define _doprnt innocuous__doprnt
| 
| /* System header to define __stub macros and hopefully few prototypes,
|     which can conflict with char _doprnt (); below.
|     Prefer <limits.h> to <assert.h> if __STDC__ is defined, since
|     <limits.h> exists even on freestanding compilers.  */
| 
| #ifdef __STDC__
| # include <limits.h>
| #else
| # include <assert.h>
| #endif
| 
| #undef _doprnt
| 
| /* Override any GCC internal prototype to avoid an error.
|    Use char because int might match the return type of a GCC
|    builtin and then its argument prototype would still apply.  */
| #ifdef __cplusplus
| extern "C"
| #endif
| char _doprnt ();
| /* The GNU C library defines this for functions which it implements
|     to always fail with ENOSYS.  Some functions are actually named
|     something starting with __ and the normal name is an alias.  */
| #if defined __stub__doprnt || defined __stub____doprnt
| choke me
| #endif
| 
| int
| main ()
| {
| return _doprnt ();
|   ;
|   return 0;
| }
configure:13537: result: no
configure:13554: checking for memmove
configure:13554: gcc -o conftest -g -O2   -L/usr/local/opt/llvm37/lib/llvm-3.7/lib -L/usr/local/opt/llvm37/lib/llvm-3.7/lib conftest.c  >&5
conftest.c:66:6: warning: incompatible redeclaration of library function 'memmove' [-Wincompatible-library-redeclaration]
char memmove ();
     ^
conftest.c:66:6: note: 'memmove' is a builtin with type 'void *(void *, const void *, unsigned long)'
1 warning generated.
configure:13554: $? = 0
configure:13554: result: yes
configure:13554: checking for memset
configure:13554: gcc -o conftest -g -O2   -L/usr/local/opt/llvm37/lib/llvm-3.7/lib -L/usr/local/opt/llvm37/lib/llvm-3.7/lib conftest.c  >&5
conftest.c:67:6: warning: incompatible redeclaration of library function 'memset' [-Wincompatible-library-redeclaration]
char memset ();
     ^
conftest.c:67:6: note: 'memset' is a builtin with type 'void *(void *, int, unsigned long)'
1 warning generated.
configure:13554: $? = 0
configure:13554: result: yes
configure:13554: checking for setlocale
configure:13554: gcc -o conftest -g -O2   -L/usr/local/opt/llvm37/lib/llvm-3.7/lib -L/usr/local/opt/llvm37/lib/llvm-3.7/lib conftest.c  >&5
configure:13554: $? = 0
configure:13554: result: yes
configure:13554: checking for fcntl
configure:13554: gcc -o conftest -g -O2   -L/usr/local/opt/llvm37/lib/llvm-3.7/lib -L/usr/local/opt/llvm37/lib/llvm-3.7/lib conftest.c  >&5
configure:13554: $? = 0
configure:13554: result: yes
configure:13554: checking for strerror
configure:13554: gcc -o conftest -g -O2   -L/usr/local/opt/llvm37/lib/llvm-3.7/lib -L/usr/local/opt/llvm37/lib/llvm-3.7/lib conftest.c  >&5
conftest.c:70:6: warning: incompatible redeclaration of library function 'strerror' [-Wincompatible-library-redeclaration]
char strerror ();
     ^
conftest.c:70:6: note: 'strerror' is a builtin with type 'char *(int)'
1 warning generated.
configure:13554: $? = 0
configure:13554: result: yes
configure:13554: checking for strcasecmp
configure:13554: gcc -o conftest -g -O2   -L/usr/local/opt/llvm37/lib/llvm-3.7/lib -L/usr/local/opt/llvm37/lib/llvm-3.7/lib conftest.c  >&5
conftest.c:71:6: warning: incompatible redeclaration of library function 'strcasecmp' [-Wincompatible-library-redeclaration]
char strcasecmp ();
     ^
conftest.c:71:6: note: 'strcasecmp' is a builtin with type 'int (const char *, const char *)'
1 warning generated.
configure:13554: $? = 0
configure:13554: result: yes
configure:13554: checking for strchr
configure:13554: gcc -o conftest -g -O2   -L/usr/local/opt/llvm37/lib/llvm-3.7/lib -L/usr/local/opt/llvm37/lib/llvm-3.7/lib conftest.c  >&5
conftest.c:72:6: warning: incompatible redeclaration of library function 'strchr' [-Wincompatible-library-redeclaration]
char strchr ();
     ^
conftest.c:72:6: note: 'strchr' is a builtin with type 'char *(const char *, int)'
1 warning generated.
configure:13554: $? = 0
configure:13554: result: yes
configure:13554: checking for strrchr
configure:13554: gcc -o conftest -g -O2   -L/usr/local/opt/llvm37/lib/llvm-3.7/lib -L/usr/local/opt/llvm37/lib/llvm-3.7/lib conftest.c  >&5
conftest.c:73:6: warning: incompatible redeclaration of library function 'strrchr' [-Wincompatible-library-redeclaration]
char strrchr ();
     ^
conftest.c:73:6: note: 'strrchr' is a builtin with type 'char *(const char *, int)'
1 warning generated.
configure:13554: $? = 0
configure:13554: result: yes
configure:13554: checking for strdup
configure:13554: gcc -o conftest -g -O2   -L/usr/local/opt/llvm37/lib/llvm-3.7/lib -L/usr/local/opt/llvm37/lib/llvm-3.7/lib conftest.c  >&5
conftest.c:74:6: warning: incompatible redeclaration of library function 'strdup' [-Wincompatible-library-redeclaration]
char strdup ();
     ^
conftest.c:74:6: note: 'strdup' is a builtin with type 'char *(const char *)'
1 warning generated.
configure:13554: $? = 0
configure:13554: result: yes
configure:13554: checking for strstr
configure:13554: gcc -o conftest -g -O2   -L/usr/local/opt/llvm37/lib/llvm-3.7/lib -L/usr/local/opt/llvm37/lib/llvm-3.7/lib conftest.c  >&5
conftest.c:75:6: warning: incompatible redeclaration of library function 'strstr' [-Wincompatible-library-redeclaration]
char strstr ();
     ^
conftest.c:75:6: note: 'strstr' is a builtin with type 'char *(const char *, const char *)'
1 warning generated.
configure:13554: $? = 0
configure:13554: result: yes
configure:13554: checking for strtol
configure:13554: gcc -o conftest -g -O2   -L/usr/local/opt/llvm37/lib/llvm-3.7/lib -L/usr/local/opt/llvm37/lib/llvm-3.7/lib conftest.c  >&5
configure:13554: $? = 0
configure:13554: result: yes
configure:13554: checking for gettimeofday
configure:13554: gcc -o conftest -g -O2   -L/usr/local/opt/llvm37/lib/llvm-3.7/lib -L/usr/local/opt/llvm37/lib/llvm-3.7/lib conftest.c  >&5
configure:13554: $? = 0
configure:13554: result: yes
configure:13554: checking for localeconv
configure:13554: gcc -o conftest -g -O2   -L/usr/local/opt/llvm37/lib/llvm-3.7/lib -L/usr/local/opt/llvm37/lib/llvm-3.7/lib conftest.c  >&5
configure:13554: $? = 0
configure:13554: result: yes
configure:13554: checking for readlink
configure:13554: gcc -o conftest -g -O2   -L/usr/local/opt/llvm37/lib/llvm-3.7/lib -L/usr/local/opt/llvm37/lib/llvm-3.7/lib conftest.c  >&5
configure:13554: $? = 0
configure:13554: result: yes
configure:13554: checking for getexecname
configure:13554: gcc -o conftest -g -O2   -L/usr/local/opt/llvm37/lib/llvm-3.7/lib -L/usr/local/opt/llvm37/lib/llvm-3.7/lib conftest.c  >&5
Undefined symbols for architecture x86_64:
  "_getexecname", referenced from:
      _main in conftest-d67895.o
ld: symbol(s) not found for architecture x86_64
clang: error: linker command failed with exit code 1 (use -v to see invocation)
configure:13554: $? = 1
configure: failed program was:
| /* confdefs.h */
| #define PACKAGE_NAME "GnuCOBOL"
| #define PACKAGE_TARNAME "gnu-cobol"
| #define PACKAGE_VERSION "2.0"
| #define PACKAGE_STRING "GnuCOBOL 2.0"
| #define PACKAGE_BUGREPORT "open-cobol-list@lists.sourceforge.net"
| #define PACKAGE_URL "http://www.opencobol.org"
| #define PACKAGE "gnu-cobol"
| #define VERSION "2.0"
| #define PATCH_LEVEL 0
| #define MAX_CALL_FIELD_PARAMS 192
| #define STDC_HEADERS 1
| #define HAVE_SYS_TYPES_H 1
| #define HAVE_SYS_STAT_H 1
| #define HAVE_STDLIB_H 1
| #define HAVE_STRING_H 1
| #define HAVE_MEMORY_H 1
| #define HAVE_STRINGS_H 1
| #define HAVE_INTTYPES_H 1
| #define HAVE_STDINT_H 1
| #define HAVE_UNISTD_H 1
| #define __EXTENSIONS__ 1
| #define _ALL_SOURCE 1
| #define _GNU_SOURCE 1
| #define _POSIX_PTHREAD_SEMANTICS 1
| #define _TANDEM_SOURCE 1
| #define HAVE_DLFCN_H 1
| #define LT_OBJDIR ".libs/"
| #define STDC_HEADERS 1
| #define HAVE_STDINT_H 1
| #define HAVE_SYS_TYPES_H 1
| #define HAVE_SIGNAL_H 1
| #define HAVE_FCNTL_H 1
| #define HAVE_LOCALE_H 1
| #define HAVE_STDDEF_H 1
| #define HAVE_WCHAR_H 1
| #define HAVE_DLFCN_H 1
| #define HAVE_SYS_TIME_H 1
| #define HAVE_SIG_ATOMIC_T 1
| #define COB_KEYWORD_INLINE __inline
| #define HAVE_VPRINTF 1
| #define HAVE_MEMMOVE 1
| #define HAVE_MEMSET 1
| #define HAVE_SETLOCALE 1
| #define HAVE_FCNTL 1
| #define HAVE_STRERROR 1
| #define HAVE_STRCASECMP 1
| #define HAVE_STRCHR 1
| #define HAVE_STRRCHR 1
| #define HAVE_STRDUP 1
| #define HAVE_STRSTR 1
| #define HAVE_STRTOL 1
| #define HAVE_GETTIMEOFDAY 1
| #define HAVE_LOCALECONV 1
| #define HAVE_READLINK 1
| /* end confdefs.h.  */
| /* Define getexecname to an innocuous variant, in case <limits.h> declares getexecname.
|    For example, HP-UX 11i <limits.h> declares gettimeofday.  */
| #define getexecname innocuous_getexecname
| 
| /* System header to define __stub macros and hopefully few prototypes,
|     which can conflict with char getexecname (); below.
|     Prefer <limits.h> to <assert.h> if __STDC__ is defined, since
|     <limits.h> exists even on freestanding compilers.  */
| 
| #ifdef __STDC__
| # include <limits.h>
| #else
| # include <assert.h>
| #endif
| 
| #undef getexecname
| 
| /* Override any GCC internal prototype to avoid an error.
|    Use char because int might match the return type of a GCC
|    builtin and then its argument prototype would still apply.  */
| #ifdef __cplusplus
| extern "C"
| #endif
| char getexecname ();
| /* The GNU C library defines this for functions which it implements
|     to always fail with ENOSYS.  Some functions are actually named
|     something starting with __ and the normal name is an alias.  */
| #if defined __stub_getexecname || defined __stub___getexecname
| choke me
| #endif
| 
| int
| main ()
| {
| return getexecname ();
|   ;
|   return 0;
| }
configure:13554: result: no
configure:13554: checking for canonicalize_file_name
configure:13554: gcc -o conftest -g -O2   -L/usr/local/opt/llvm37/lib/llvm-3.7/lib -L/usr/local/opt/llvm37/lib/llvm-3.7/lib conftest.c  >&5
Undefined symbols for architecture x86_64:
  "_canonicalize_file_name", referenced from:
      _main in conftest-0f0b68.o
ld: symbol(s) not found for architecture x86_64
clang: error: linker command failed with exit code 1 (use -v to see invocation)
configure:13554: $? = 1
configure: failed program was:
| /* confdefs.h */
| #define PACKAGE_NAME "GnuCOBOL"
| #define PACKAGE_TARNAME "gnu-cobol"
| #define PACKAGE_VERSION "2.0"
| #define PACKAGE_STRING "GnuCOBOL 2.0"
| #define PACKAGE_BUGREPORT "open-cobol-list@lists.sourceforge.net"
| #define PACKAGE_URL "http://www.opencobol.org"
| #define PACKAGE "gnu-cobol"
| #define VERSION "2.0"
| #define PATCH_LEVEL 0
| #define MAX_CALL_FIELD_PARAMS 192
| #define STDC_HEADERS 1
| #define HAVE_SYS_TYPES_H 1
| #define HAVE_SYS_STAT_H 1
| #define HAVE_STDLIB_H 1
| #define HAVE_STRING_H 1
| #define HAVE_MEMORY_H 1
| #define HAVE_STRINGS_H 1
| #define HAVE_INTTYPES_H 1
| #define HAVE_STDINT_H 1
| #define HAVE_UNISTD_H 1
| #define __EXTENSIONS__ 1
| #define _ALL_SOURCE 1
| #define _GNU_SOURCE 1
| #define _POSIX_PTHREAD_SEMANTICS 1
| #define _TANDEM_SOURCE 1
| #define HAVE_DLFCN_H 1
| #define LT_OBJDIR ".libs/"
| #define STDC_HEADERS 1
| #define HAVE_STDINT_H 1
| #define HAVE_SYS_TYPES_H 1
| #define HAVE_SIGNAL_H 1
| #define HAVE_FCNTL_H 1
| #define HAVE_LOCALE_H 1
| #define HAVE_STDDEF_H 1
| #define HAVE_WCHAR_H 1
| #define HAVE_DLFCN_H 1
| #define HAVE_SYS_TIME_H 1
| #define HAVE_SIG_ATOMIC_T 1
| #define COB_KEYWORD_INLINE __inline
| #define HAVE_VPRINTF 1
| #define HAVE_MEMMOVE 1
| #define HAVE_MEMSET 1
| #define HAVE_SETLOCALE 1
| #define HAVE_FCNTL 1
| #define HAVE_STRERROR 1
| #define HAVE_STRCASECMP 1
| #define HAVE_STRCHR 1
| #define HAVE_STRRCHR 1
| #define HAVE_STRDUP 1
| #define HAVE_STRSTR 1
| #define HAVE_STRTOL 1
| #define HAVE_GETTIMEOFDAY 1
| #define HAVE_LOCALECONV 1
| #define HAVE_READLINK 1
| /* end confdefs.h.  */
| /* Define canonicalize_file_name to an innocuous variant, in case <limits.h> declares canonicalize_file_name.
|    For example, HP-UX 11i <limits.h> declares gettimeofday.  */
| #define canonicalize_file_name innocuous_canonicalize_file_name
| 
| /* System header to define __stub macros and hopefully few prototypes,
|     which can conflict with char canonicalize_file_name (); below.
|     Prefer <limits.h> to <assert.h> if __STDC__ is defined, since
|     <limits.h> exists even on freestanding compilers.  */
| 
| #ifdef __STDC__
| # include <limits.h>
| #else
| # include <assert.h>
| #endif
| 
| #undef canonicalize_file_name
| 
| /* Override any GCC internal prototype to avoid an error.
|    Use char because int might match the return type of a GCC
|    builtin and then its argument prototype would still apply.  */
| #ifdef __cplusplus
| extern "C"
| #endif
| char canonicalize_file_name ();
| /* The GNU C library defines this for functions which it implements
|     to always fail with ENOSYS.  Some functions are actually named
|     something starting with __ and the normal name is an alias.  */
| #if defined __stub_canonicalize_file_name || defined __stub___canonicalize_file_name
| choke me
| #endif
| 
| int
| main ()
| {
| return canonicalize_file_name ();
|   ;
|   return 0;
| }
configure:13554: result: no
configure:13554: checking for realpath
configure:13554: gcc -o conftest -g -O2   -L/usr/local/opt/llvm37/lib/llvm-3.7/lib -L/usr/local/opt/llvm37/lib/llvm-3.7/lib conftest.c  >&5
configure:13554: $? = 0
configure:13554: result: yes
configure:13554: checking for strcoll
configure:13554: gcc -o conftest -g -O2   -L/usr/local/opt/llvm37/lib/llvm-3.7/lib -L/usr/local/opt/llvm37/lib/llvm-3.7/lib conftest.c  >&5
configure:13554: $? = 0
configure:13554: result: yes
configure:13554: checking for strxfrm
configure:13554: gcc -o conftest -g -O2   -L/usr/local/opt/llvm37/lib/llvm-3.7/lib -L/usr/local/opt/llvm37/lib/llvm-3.7/lib conftest.c  >&5
conftest.c:82:6: warning: incompatible redeclaration of library function 'strxfrm' [-Wincompatible-library-redeclaration]
char strxfrm ();
     ^
conftest.c:82:6: note: 'strxfrm' is a builtin with type 'unsigned long (char *, const char *, unsigned long)'
1 warning generated.
configure:13554: $? = 0
configure:13554: result: yes
configure:13554: checking for setenv
configure:13554: gcc -o conftest -g -O2   -L/usr/local/opt/llvm37/lib/llvm-3.7/lib -L/usr/local/opt/llvm37/lib/llvm-3.7/lib conftest.c  >&5
configure:13554: $? = 0
configure:13554: result: yes
configure:13554: checking for raise
configure:13554: gcc -o conftest -g -O2   -L/usr/local/opt/llvm37/lib/llvm-3.7/lib -L/usr/local/opt/llvm37/lib/llvm-3.7/lib conftest.c  >&5
configure:13554: $? = 0
configure:13554: result: yes
configure:13565: checking for timezone variable access
configure:13578: gcc -c -g -O2  conftest.c >&5
configure:13578: $? = 0
configure:13580: result: yes
configure:13589: checking for designated initializers
configure:13605: gcc -c -g -O2  conftest.c >&5
configure:13605: $? = 0
configure:13607: result: yes
configure:13643: gcc -o conftest -g -O2   -L/usr/local/opt/llvm37/lib/llvm-3.7/lib -L/usr/local/opt/llvm37/lib/llvm-3.7/lib conftest.c  >&5
configure:13643: $? = 0
configure:13643: ./conftest
configure:13643: $? = 0
configure:13673: gcc -o conftest -g -O2   -L/usr/local/opt/llvm37/lib/llvm-3.7/lib -L/usr/local/opt/llvm37/lib/llvm-3.7/lib conftest.c  >&5
configure:13673: $? = 0
configure:13673: ./conftest
configure:13673: $? = 0
configure:13703: gcc -o conftest -g -O2   -L/usr/local/opt/llvm37/lib/llvm-3.7/lib -L/usr/local/opt/llvm37/lib/llvm-3.7/lib conftest.c  >&5
configure:13703: $? = 0
configure:13703: ./conftest
configure:13703: $? = 1
configure: program exited with status 1
configure: failed program was:
| /* confdefs.h */
| #define PACKAGE_NAME "GnuCOBOL"
| #define PACKAGE_TARNAME "gnu-cobol"
| #define PACKAGE_VERSION "2.0"
| #define PACKAGE_STRING "GnuCOBOL 2.0"
| #define PACKAGE_BUGREPORT "open-cobol-list@lists.sourceforge.net"
| #define PACKAGE_URL "http://www.opencobol.org"
| #define PACKAGE "gnu-cobol"
| #define VERSION "2.0"
| #define PATCH_LEVEL 0
| #define MAX_CALL_FIELD_PARAMS 192
| #define STDC_HEADERS 1
| #define HAVE_SYS_TYPES_H 1
| #define HAVE_SYS_STAT_H 1
| #define HAVE_STDLIB_H 1
| #define HAVE_STRING_H 1
| #define HAVE_MEMORY_H 1
| #define HAVE_STRINGS_H 1
| #define HAVE_INTTYPES_H 1
| #define HAVE_STDINT_H 1
| #define HAVE_UNISTD_H 1
| #define __EXTENSIONS__ 1
| #define _ALL_SOURCE 1
| #define _GNU_SOURCE 1
| #define _POSIX_PTHREAD_SEMANTICS 1
| #define _TANDEM_SOURCE 1
| #define HAVE_DLFCN_H 1
| #define LT_OBJDIR ".libs/"
| #define STDC_HEADERS 1
| #define HAVE_STDINT_H 1
| #define HAVE_SYS_TYPES_H 1
| #define HAVE_SIGNAL_H 1
| #define HAVE_FCNTL_H 1
| #define HAVE_LOCALE_H 1
| #define HAVE_STDDEF_H 1
| #define HAVE_WCHAR_H 1
| #define HAVE_DLFCN_H 1
| #define HAVE_SYS_TIME_H 1
| #define HAVE_SIG_ATOMIC_T 1
| #define COB_KEYWORD_INLINE __inline
| #define HAVE_VPRINTF 1
| #define HAVE_MEMMOVE 1
| #define HAVE_MEMSET 1
| #define HAVE_SETLOCALE 1
| #define HAVE_FCNTL 1
| #define HAVE_STRERROR 1
| #define HAVE_STRCASECMP 1
| #define HAVE_STRCHR 1
| #define HAVE_STRRCHR 1
| #define HAVE_STRDUP 1
| #define HAVE_STRSTR 1
| #define HAVE_STRTOL 1
| #define HAVE_GETTIMEOFDAY 1
| #define HAVE_LOCALECONV 1
| #define HAVE_READLINK 1
| #define HAVE_REALPATH 1
| #define HAVE_STRCOLL 1
| #define HAVE_STRXFRM 1
| #define HAVE_SETENV 1
| #define HAVE_RAISE 1
| #define HAVE_TIMEZONE 1
| #define HAVE_DESIGNATED_INITS 1
| /* end confdefs.h.  */
| 
| int
| main ()
| {
| 
| 	#ifdef __INTEL_COMPILER
| 	return 0;
| 	#else
| 	return 1;
| 	#endif
|   ;
|   return 0;
| }
configure:14015: Checks for GMP ...
configure:14019: checking gmp.h usability
configure:14019: gcc -c -g -O2  conftest.c >&5
configure:14019: $? = 0
configure:14019: result: yes
configure:14019: checking gmp.h presence
configure:14019: gcc -E  conftest.c
configure:14019: $? = 0
configure:14019: result: yes
configure:14019: checking for gmp.h
configure:14019: result: yes
configure:14032: checking for __gmpz_init in -lgmp
configure:14057: gcc -o conftest -g -O2   -L/usr/local/opt/llvm37/lib/llvm-3.7/lib -L/usr/local/opt/llvm37/lib/llvm-3.7/lib conftest.c -lgmp   >&5
configure:14057: $? = 0
configure:14066: result: yes
configure:14099: gcc -o conftest -g -O2   -L/usr/local/opt/llvm37/lib/llvm-3.7/lib -L/usr/local/opt/llvm37/lib/llvm-3.7/lib conftest.c  -lgmp >&5
configure:14099: $? = 0
configure:14099: ./conftest
configure:14099: $? = 0
configure:14133: gcc -o conftest -g -O2   -L/usr/local/opt/llvm37/lib/llvm-3.7/lib -L/usr/local/opt/llvm37/lib/llvm-3.7/lib conftest.c  -lgmp >&5
configure:14133: $? = 0
configure:14133: ./conftest
configure:14133: $? = 0
configure:14146: checking matching GMP version
configure:14152: result: yes (6.1)
configure:14164: checking for __gmp_get_memory_functions in -lgmp
configure:14189: gcc -o conftest -g -O2   -L/usr/local/opt/llvm37/lib/llvm-3.7/lib -L/usr/local/opt/llvm37/lib/llvm-3.7/lib conftest.c -lgmp   >&5
configure:14189: $? = 0
configure:14198: result: yes
configure:14208: checking for nanosleep
configure:14221: gcc -o conftest -g -O2   -L/usr/local/opt/llvm37/lib/llvm-3.7/lib -L/usr/local/opt/llvm37/lib/llvm-3.7/lib conftest.c  >&5
configure:14221: $? = 0
configure:14223: result: yes
configure:14338: checking for clock_gettime and CLOCK_REALTIME
configure:14351: gcc -o conftest -g -O2   -L/usr/local/opt/llvm37/lib/llvm-3.7/lib -L/usr/local/opt/llvm37/lib/llvm-3.7/lib conftest.c  >&5
conftest.c:72:1: warning: implicit declaration of function 'clock_gettime' is invalid in C99 [-Wimplicit-function-declaration]
clock_gettime (CLOCK_REALTIME, NULL);
^
conftest.c:72:16: error: use of undeclared identifier 'CLOCK_REALTIME'
clock_gettime (CLOCK_REALTIME, NULL);
               ^
1 warning and 1 error generated.
configure:14351: $? = 1
configure: failed program was:
| /* confdefs.h */
| #define PACKAGE_NAME "GnuCOBOL"
| #define PACKAGE_TARNAME "gnu-cobol"
| #define PACKAGE_VERSION "2.0"
| #define PACKAGE_STRING "GnuCOBOL 2.0"
| #define PACKAGE_BUGREPORT "open-cobol-list@lists.sourceforge.net"
| #define PACKAGE_URL "http://www.opencobol.org"
| #define PACKAGE "gnu-cobol"
| #define VERSION "2.0"
| #define PATCH_LEVEL 0
| #define MAX_CALL_FIELD_PARAMS 192
| #define STDC_HEADERS 1
| #define HAVE_SYS_TYPES_H 1
| #define HAVE_SYS_STAT_H 1
| #define HAVE_STDLIB_H 1
| #define HAVE_STRING_H 1
| #define HAVE_MEMORY_H 1
| #define HAVE_STRINGS_H 1
| #define HAVE_INTTYPES_H 1
| #define HAVE_STDINT_H 1
| #define HAVE_UNISTD_H 1
| #define __EXTENSIONS__ 1
| #define _ALL_SOURCE 1
| #define _GNU_SOURCE 1
| #define _POSIX_PTHREAD_SEMANTICS 1
| #define _TANDEM_SOURCE 1
| #define HAVE_DLFCN_H 1
| #define LT_OBJDIR ".libs/"
| #define STDC_HEADERS 1
| #define HAVE_STDINT_H 1
| #define HAVE_SYS_TYPES_H 1
| #define HAVE_SIGNAL_H 1
| #define HAVE_FCNTL_H 1
| #define HAVE_LOCALE_H 1
| #define HAVE_STDDEF_H 1
| #define HAVE_WCHAR_H 1
| #define HAVE_DLFCN_H 1
| #define HAVE_SYS_TIME_H 1
| #define HAVE_SIG_ATOMIC_T 1
| #define COB_KEYWORD_INLINE __inline
| #define HAVE_VPRINTF 1
| #define HAVE_MEMMOVE 1
| #define HAVE_MEMSET 1
| #define HAVE_SETLOCALE 1
| #define HAVE_FCNTL 1
| #define HAVE_STRERROR 1
| #define HAVE_STRCASECMP 1
| #define HAVE_STRCHR 1
| #define HAVE_STRRCHR 1
| #define HAVE_STRDUP 1
| #define HAVE_STRSTR 1
| #define HAVE_STRTOL 1
| #define HAVE_GETTIMEOFDAY 1
| #define HAVE_LOCALECONV 1
| #define HAVE_READLINK 1
| #define HAVE_REALPATH 1
| #define HAVE_STRCOLL 1
| #define HAVE_STRXFRM 1
| #define HAVE_SETENV 1
| #define HAVE_RAISE 1
| #define HAVE_TIMEZONE 1
| #define HAVE_DESIGNATED_INITS 1
| #define WITH_VARSEQ 0
| #define HAVE_GMP_H 1
| #define HAVE_MP_GET_MEMORY_FUNCTIONS 1
| #define HAVE_NANO_SLEEP 1
| /* end confdefs.h.  */
| #include <time.h>
| int
| main ()
| {
| clock_gettime (CLOCK_REALTIME, NULL);
|   ;
|   return 0;
| }
configure:14356: result: no
configure:14371: checking prototype for finite in <math.h>
configure:14380: result: yes
configure:14411: checking for fdatasync
configure:14411: gcc -o conftest -g -O2   -L/usr/local/opt/llvm37/lib/llvm-3.7/lib -L/usr/local/opt/llvm37/lib/llvm-3.7/lib conftest.c  >&5
configure:14411: $? = 0
configure:14411: result: yes
configure:14411: checking for sigaction
configure:14411: gcc -o conftest -g -O2   -L/usr/local/opt/llvm37/lib/llvm-3.7/lib -L/usr/local/opt/llvm37/lib/llvm-3.7/lib conftest.c  >&5
configure:14411: $? = 0
configure:14411: result: yes
configure:14445: checking whether NLS is requested
configure:14454: result: yes
configure:14494: checking for msgfmt
configure:14529: result: no
configure:14535: checking for gmsgfmt
configure:14566: result: :
configure:14616: checking for xgettext
configure:14651: result: no
configure:14693: checking for msgmerge
configure:14727: result: no
configure:15310: checking for CFPreferencesCopyAppValue
configure:15328: gcc -o conftest -g -O2   -L/usr/local/opt/llvm37/lib/llvm-3.7/lib -L/usr/local/opt/llvm37/lib/llvm-3.7/lib conftest.c  -Wl,-framework -Wl,CoreFoundation >&5
configure:15328: $? = 0
configure:15337: result: yes
configure:15344: checking for CFLocaleCopyCurrent
configure:15362: gcc -o conftest -g -O2   -L/usr/local/opt/llvm37/lib/llvm-3.7/lib -L/usr/local/opt/llvm37/lib/llvm-3.7/lib conftest.c  -Wl,-framework -Wl,CoreFoundation >&5
configure:15362: $? = 0
configure:15371: result: yes
configure:15420: checking for GNU gettext in libc
configure:15449: gcc -o conftest -g -O2   -L/usr/local/opt/llvm37/lib/llvm-3.7/lib -L/usr/local/opt/llvm37/lib/llvm-3.7/lib conftest.c  >&5
conftest.c:73:10: fatal error: 'libintl.h' file not found
#include <libintl.h>
         ^
1 error generated.
configure:15449: $? = 1
configure: failed program was:
| /* confdefs.h */
| #define PACKAGE_NAME "GnuCOBOL"
| #define PACKAGE_TARNAME "gnu-cobol"
| #define PACKAGE_VERSION "2.0"
| #define PACKAGE_STRING "GnuCOBOL 2.0"
| #define PACKAGE_BUGREPORT "open-cobol-list@lists.sourceforge.net"
| #define PACKAGE_URL "http://www.opencobol.org"
| #define PACKAGE "gnu-cobol"
| #define VERSION "2.0"
| #define PATCH_LEVEL 0
| #define MAX_CALL_FIELD_PARAMS 192
| #define STDC_HEADERS 1
| #define HAVE_SYS_TYPES_H 1
| #define HAVE_SYS_STAT_H 1
| #define HAVE_STDLIB_H 1
| #define HAVE_STRING_H 1
| #define HAVE_MEMORY_H 1
| #define HAVE_STRINGS_H 1
| #define HAVE_INTTYPES_H 1
| #define HAVE_STDINT_H 1
| #define HAVE_UNISTD_H 1
| #define __EXTENSIONS__ 1
| #define _ALL_SOURCE 1
| #define _GNU_SOURCE 1
| #define _POSIX_PTHREAD_SEMANTICS 1
| #define _TANDEM_SOURCE 1
| #define HAVE_DLFCN_H 1
| #define LT_OBJDIR ".libs/"
| #define STDC_HEADERS 1
| #define HAVE_STDINT_H 1
| #define HAVE_SYS_TYPES_H 1
| #define HAVE_SIGNAL_H 1
| #define HAVE_FCNTL_H 1
| #define HAVE_LOCALE_H 1
| #define HAVE_STDDEF_H 1
| #define HAVE_WCHAR_H 1
| #define HAVE_DLFCN_H 1
| #define HAVE_SYS_TIME_H 1
| #define HAVE_SIG_ATOMIC_T 1
| #define COB_KEYWORD_INLINE __inline
| #define HAVE_VPRINTF 1
| #define HAVE_MEMMOVE 1
| #define HAVE_MEMSET 1
| #define HAVE_SETLOCALE 1
| #define HAVE_FCNTL 1
| #define HAVE_STRERROR 1
| #define HAVE_STRCASECMP 1
| #define HAVE_STRCHR 1
| #define HAVE_STRRCHR 1
| #define HAVE_STRDUP 1
| #define HAVE_STRSTR 1
| #define HAVE_STRTOL 1
| #define HAVE_GETTIMEOFDAY 1
| #define HAVE_LOCALECONV 1
| #define HAVE_READLINK 1
| #define HAVE_REALPATH 1
| #define HAVE_STRCOLL 1
| #define HAVE_STRXFRM 1
| #define HAVE_SETENV 1
| #define HAVE_RAISE 1
| #define HAVE_TIMEZONE 1
| #define HAVE_DESIGNATED_INITS 1
| #define WITH_VARSEQ 0
| #define HAVE_GMP_H 1
| #define HAVE_MP_GET_MEMORY_FUNCTIONS 1
| #define HAVE_NANO_SLEEP 1
| #define HAVE_FDATASYNC 1
| #define HAVE_SIGACTION 1
| #define HAVE_CFPREFERENCESCOPYAPPVALUE 1
| #define HAVE_CFLOCALECOPYCURRENT 1
| /* end confdefs.h.  */
| 
| #include <libintl.h>
| #ifndef __GNU_GETTEXT_SUPPORTED_REVISION
| extern int _nl_msg_cat_cntr;
| extern int *_nl_domain_bindings;
| #define __GNU_GETTEXT_SYMBOL_EXPRESSION (_nl_msg_cat_cntr + *_nl_domain_bindings)
| #else
| #define __GNU_GETTEXT_SYMBOL_EXPRESSION 0
| #endif
| 
| 
| int
| main ()
| {
| 
| bindtextdomain ("", "");
| return * gettext ("") + __GNU_GETTEXT_SYMBOL_EXPRESSION
| 
|   ;
|   return 0;
| }
configure:15458: result: no
configure:15492: checking for iconv
configure:15516: gcc -o conftest -g -O2   -L/usr/local/opt/llvm37/lib/llvm-3.7/lib -L/usr/local/opt/llvm37/lib/llvm-3.7/lib conftest.c  >&5
Undefined symbols for architecture x86_64:
  "_iconv", referenced from:
      _main in conftest-b1a7a0.o
  "_iconv_close", referenced from:
      _main in conftest-b1a7a0.o
  "_iconv_open", referenced from:
      _main in conftest-b1a7a0.o
ld: symbol(s) not found for architecture x86_64
clang: error: linker command failed with exit code 1 (use -v to see invocation)
configure:15516: $? = 1
configure: failed program was:
| /* confdefs.h */
| #define PACKAGE_NAME "GnuCOBOL"
| #define PACKAGE_TARNAME "gnu-cobol"
| #define PACKAGE_VERSION "2.0"
| #define PACKAGE_STRING "GnuCOBOL 2.0"
| #define PACKAGE_BUGREPORT "open-cobol-list@lists.sourceforge.net"
| #define PACKAGE_URL "http://www.opencobol.org"
| #define PACKAGE "gnu-cobol"
| #define VERSION "2.0"
| #define PATCH_LEVEL 0
| #define MAX_CALL_FIELD_PARAMS 192
| #define STDC_HEADERS 1
| #define HAVE_SYS_TYPES_H 1
| #define HAVE_SYS_STAT_H 1
| #define HAVE_STDLIB_H 1
| #define HAVE_STRING_H 1
| #define HAVE_MEMORY_H 1
| #define HAVE_STRINGS_H 1
| #define HAVE_INTTYPES_H 1
| #define HAVE_STDINT_H 1
| #define HAVE_UNISTD_H 1
| #define __EXTENSIONS__ 1
| #define _ALL_SOURCE 1
| #define _GNU_SOURCE 1
| #define _POSIX_PTHREAD_SEMANTICS 1
| #define _TANDEM_SOURCE 1
| #define HAVE_DLFCN_H 1
| #define LT_OBJDIR ".libs/"
| #define STDC_HEADERS 1
| #define HAVE_STDINT_H 1
| #define HAVE_SYS_TYPES_H 1
| #define HAVE_SIGNAL_H 1
| #define HAVE_FCNTL_H 1
| #define HAVE_LOCALE_H 1
| #define HAVE_STDDEF_H 1
| #define HAVE_WCHAR_H 1
| #define HAVE_DLFCN_H 1
| #define HAVE_SYS_TIME_H 1
| #define HAVE_SIG_ATOMIC_T 1
| #define COB_KEYWORD_INLINE __inline
| #define HAVE_VPRINTF 1
| #define HAVE_MEMMOVE 1
| #define HAVE_MEMSET 1
| #define HAVE_SETLOCALE 1
| #define HAVE_FCNTL 1
| #define HAVE_STRERROR 1
| #define HAVE_STRCASECMP 1
| #define HAVE_STRCHR 1
| #define HAVE_STRRCHR 1
| #define HAVE_STRDUP 1
| #define HAVE_STRSTR 1
| #define HAVE_STRTOL 1
| #define HAVE_GETTIMEOFDAY 1
| #define HAVE_LOCALECONV 1
| #define HAVE_READLINK 1
| #define HAVE_REALPATH 1
| #define HAVE_STRCOLL 1
| #define HAVE_STRXFRM 1
| #define HAVE_SETENV 1
| #define HAVE_RAISE 1
| #define HAVE_TIMEZONE 1
| #define HAVE_DESIGNATED_INITS 1
| #define WITH_VARSEQ 0
| #define HAVE_GMP_H 1
| #define HAVE_MP_GET_MEMORY_FUNCTIONS 1
| #define HAVE_NANO_SLEEP 1
| #define HAVE_FDATASYNC 1
| #define HAVE_SIGACTION 1
| #define HAVE_CFPREFERENCESCOPYAPPVALUE 1
| #define HAVE_CFLOCALECOPYCURRENT 1
| /* end confdefs.h.  */
| 
| #include <stdlib.h>
| #include <iconv.h>
| 
| int
| main ()
| {
| iconv_t cd = iconv_open("","");
|            iconv(cd,NULL,NULL,NULL,NULL);
|            iconv_close(cd);
|   ;
|   return 0;
| }
configure:15540: gcc -o conftest -g -O2   -L/usr/local/opt/llvm37/lib/llvm-3.7/lib -L/usr/local/opt/llvm37/lib/llvm-3.7/lib conftest.c  -liconv >&5
configure:15540: $? = 0
configure:15550: result: yes
configure:15553: checking for working iconv
configure:15682: gcc -o conftest -g -O2   -L/usr/local/opt/llvm37/lib/llvm-3.7/lib -L/usr/local/opt/llvm37/lib/llvm-3.7/lib conftest.c  -liconv >&5
configure:15682: $? = 0
configure:15682: ./conftest
configure:15682: $? = 0
configure:15694: result: yes
configure:15709: checking how to link with libiconv
configure:15711: result: -liconv
configure:16183: checking for GNU gettext in libintl
configure:16220: gcc -o conftest -g -O2    -L/usr/local/opt/llvm37/lib/llvm-3.7/lib -L/usr/local/opt/llvm37/lib/llvm-3.7/lib conftest.c  -lintl >&5
conftest.c:74:10: fatal error: 'libintl.h' file not found
#include <libintl.h>
         ^
1 error generated.
configure:16220: $? = 1
configure: failed program was:
| /* confdefs.h */
| #define PACKAGE_NAME "GnuCOBOL"
| #define PACKAGE_TARNAME "gnu-cobol"
| #define PACKAGE_VERSION "2.0"
| #define PACKAGE_STRING "GnuCOBOL 2.0"
| #define PACKAGE_BUGREPORT "open-cobol-list@lists.sourceforge.net"
| #define PACKAGE_URL "http://www.opencobol.org"
| #define PACKAGE "gnu-cobol"
| #define VERSION "2.0"
| #define PATCH_LEVEL 0
| #define MAX_CALL_FIELD_PARAMS 192
| #define STDC_HEADERS 1
| #define HAVE_SYS_TYPES_H 1
| #define HAVE_SYS_STAT_H 1
| #define HAVE_STDLIB_H 1
| #define HAVE_STRING_H 1
| #define HAVE_MEMORY_H 1
| #define HAVE_STRINGS_H 1
| #define HAVE_INTTYPES_H 1
| #define HAVE_STDINT_H 1
| #define HAVE_UNISTD_H 1
| #define __EXTENSIONS__ 1
| #define _ALL_SOURCE 1
| #define _GNU_SOURCE 1
| #define _POSIX_PTHREAD_SEMANTICS 1
| #define _TANDEM_SOURCE 1
| #define HAVE_DLFCN_H 1
| #define LT_OBJDIR ".libs/"
| #define STDC_HEADERS 1
| #define HAVE_STDINT_H 1
| #define HAVE_SYS_TYPES_H 1
| #define HAVE_SIGNAL_H 1
| #define HAVE_FCNTL_H 1
| #define HAVE_LOCALE_H 1
| #define HAVE_STDDEF_H 1
| #define HAVE_WCHAR_H 1
| #define HAVE_DLFCN_H 1
| #define HAVE_SYS_TIME_H 1
| #define HAVE_SIG_ATOMIC_T 1
| #define COB_KEYWORD_INLINE __inline
| #define HAVE_VPRINTF 1
| #define HAVE_MEMMOVE 1
| #define HAVE_MEMSET 1
| #define HAVE_SETLOCALE 1
| #define HAVE_FCNTL 1
| #define HAVE_STRERROR 1
| #define HAVE_STRCASECMP 1
| #define HAVE_STRCHR 1
| #define HAVE_STRRCHR 1
| #define HAVE_STRDUP 1
| #define HAVE_STRSTR 1
| #define HAVE_STRTOL 1
| #define HAVE_GETTIMEOFDAY 1
| #define HAVE_LOCALECONV 1
| #define HAVE_READLINK 1
| #define HAVE_REALPATH 1
| #define HAVE_STRCOLL 1
| #define HAVE_STRXFRM 1
| #define HAVE_SETENV 1
| #define HAVE_RAISE 1
| #define HAVE_TIMEZONE 1
| #define HAVE_DESIGNATED_INITS 1
| #define WITH_VARSEQ 0
| #define HAVE_GMP_H 1
| #define HAVE_MP_GET_MEMORY_FUNCTIONS 1
| #define HAVE_NANO_SLEEP 1
| #define HAVE_FDATASYNC 1
| #define HAVE_SIGACTION 1
| #define HAVE_CFPREFERENCESCOPYAPPVALUE 1
| #define HAVE_CFLOCALECOPYCURRENT 1
| #define HAVE_ICONV 1
| /* end confdefs.h.  */
| 
| #include <libintl.h>
| #ifndef __GNU_GETTEXT_SUPPORTED_REVISION
| extern int _nl_msg_cat_cntr;
| extern
| #ifdef __cplusplus
| "C"
| #endif
| const char *_nl_expand_alias (const char *);
| #define __GNU_GETTEXT_SYMBOL_EXPRESSION (_nl_msg_cat_cntr + *_nl_expand_alias (""))
| #else
| #define __GNU_GETTEXT_SYMBOL_EXPRESSION 0
| #endif
| 
| 
| int
| main ()
| {
| 
| bindtextdomain ("", "");
| return * gettext ("") + __GNU_GETTEXT_SYMBOL_EXPRESSION
| 
|   ;
|   return 0;
| }
configure:16257: gcc -o conftest -g -O2    -L/usr/local/opt/llvm37/lib/llvm-3.7/lib -L/usr/local/opt/llvm37/lib/llvm-3.7/lib conftest.c  -lintl -liconv >&5
conftest.c:74:10: fatal error: 'libintl.h' file not found
#include <libintl.h>
         ^
1 error generated.
configure:16257: $? = 1
configure: failed program was:
| /* confdefs.h */
| #define PACKAGE_NAME "GnuCOBOL"
| #define PACKAGE_TARNAME "gnu-cobol"
| #define PACKAGE_VERSION "2.0"
| #define PACKAGE_STRING "GnuCOBOL 2.0"
| #define PACKAGE_BUGREPORT "open-cobol-list@lists.sourceforge.net"
| #define PACKAGE_URL "http://www.opencobol.org"
| #define PACKAGE "gnu-cobol"
| #define VERSION "2.0"
| #define PATCH_LEVEL 0
| #define MAX_CALL_FIELD_PARAMS 192
| #define STDC_HEADERS 1
| #define HAVE_SYS_TYPES_H 1
| #define HAVE_SYS_STAT_H 1
| #define HAVE_STDLIB_H 1
| #define HAVE_STRING_H 1
| #define HAVE_MEMORY_H 1
| #define HAVE_STRINGS_H 1
| #define HAVE_INTTYPES_H 1
| #define HAVE_STDINT_H 1
| #define HAVE_UNISTD_H 1
| #define __EXTENSIONS__ 1
| #define _ALL_SOURCE 1
| #define _GNU_SOURCE 1
| #define _POSIX_PTHREAD_SEMANTICS 1
| #define _TANDEM_SOURCE 1
| #define HAVE_DLFCN_H 1
| #define LT_OBJDIR ".libs/"
| #define STDC_HEADERS 1
| #define HAVE_STDINT_H 1
| #define HAVE_SYS_TYPES_H 1
| #define HAVE_SIGNAL_H 1
| #define HAVE_FCNTL_H 1
| #define HAVE_LOCALE_H 1
| #define HAVE_STDDEF_H 1
| #define HAVE_WCHAR_H 1
| #define HAVE_DLFCN_H 1
| #define HAVE_SYS_TIME_H 1
| #define HAVE_SIG_ATOMIC_T 1
| #define COB_KEYWORD_INLINE __inline
| #define HAVE_VPRINTF 1
| #define HAVE_MEMMOVE 1
| #define HAVE_MEMSET 1
| #define HAVE_SETLOCALE 1
| #define HAVE_FCNTL 1
| #define HAVE_STRERROR 1
| #define HAVE_STRCASECMP 1
| #define HAVE_STRCHR 1
| #define HAVE_STRRCHR 1
| #define HAVE_STRDUP 1
| #define HAVE_STRSTR 1
| #define HAVE_STRTOL 1
| #define HAVE_GETTIMEOFDAY 1
| #define HAVE_LOCALECONV 1
| #define HAVE_READLINK 1
| #define HAVE_REALPATH 1
| #define HAVE_STRCOLL 1
| #define HAVE_STRXFRM 1
| #define HAVE_SETENV 1
| #define HAVE_RAISE 1
| #define HAVE_TIMEZONE 1
| #define HAVE_DESIGNATED_INITS 1
| #define WITH_VARSEQ 0
| #define HAVE_GMP_H 1
| #define HAVE_MP_GET_MEMORY_FUNCTIONS 1
| #define HAVE_NANO_SLEEP 1
| #define HAVE_FDATASYNC 1
| #define HAVE_SIGACTION 1
| #define HAVE_CFPREFERENCESCOPYAPPVALUE 1
| #define HAVE_CFLOCALECOPYCURRENT 1
| #define HAVE_ICONV 1
| /* end confdefs.h.  */
| 
| #include <libintl.h>
| #ifndef __GNU_GETTEXT_SUPPORTED_REVISION
| extern int _nl_msg_cat_cntr;
| extern
| #ifdef __cplusplus
| "C"
| #endif
| const char *_nl_expand_alias (const char *);
| #define __GNU_GETTEXT_SYMBOL_EXPRESSION (_nl_msg_cat_cntr + *_nl_expand_alias (""))
| #else
| #define __GNU_GETTEXT_SYMBOL_EXPRESSION 0
| #endif
| 
| 
| int
| main ()
| {
| 
| bindtextdomain ("", "");
| return * gettext ("") + __GNU_GETTEXT_SYMBOL_EXPRESSION
| 
|   ;
|   return 0;
| }
configure:16270: result: no
configure:16305: checking whether to use NLS
configure:16307: result: no
configure:16387: checking for nl_langinfo and CODESET
configure:16403: gcc -o conftest -g -O2   -L/usr/local/opt/llvm37/lib/llvm-3.7/lib -L/usr/local/opt/llvm37/lib/llvm-3.7/lib conftest.c  >&5
configure:16403: $? = 0
configure:16412: result: yes
configure:16422: Checks for curses ...
configure:16426: checking for initscr in -lncursesw
configure:16451: gcc -o conftest -g -O2   -L/usr/local/opt/llvm37/lib/llvm-3.7/lib -L/usr/local/opt/llvm37/lib/llvm-3.7/lib conftest.c -lncursesw   >&5
ld: library not found for -lncursesw
clang: error: linker command failed with exit code 1 (use -v to see invocation)
configure:16451: $? = 1
configure: failed program was:
| /* confdefs.h */
| #define PACKAGE_NAME "GnuCOBOL"
| #define PACKAGE_TARNAME "gnu-cobol"
| #define PACKAGE_VERSION "2.0"
| #define PACKAGE_STRING "GnuCOBOL 2.0"
| #define PACKAGE_BUGREPORT "open-cobol-list@lists.sourceforge.net"
| #define PACKAGE_URL "http://www.opencobol.org"
| #define PACKAGE "gnu-cobol"
| #define VERSION "2.0"
| #define PATCH_LEVEL 0
| #define MAX_CALL_FIELD_PARAMS 192
| #define STDC_HEADERS 1
| #define HAVE_SYS_TYPES_H 1
| #define HAVE_SYS_STAT_H 1
| #define HAVE_STDLIB_H 1
| #define HAVE_STRING_H 1
| #define HAVE_MEMORY_H 1
| #define HAVE_STRINGS_H 1
| #define HAVE_INTTYPES_H 1
| #define HAVE_STDINT_H 1
| #define HAVE_UNISTD_H 1
| #define __EXTENSIONS__ 1
| #define _ALL_SOURCE 1
| #define _GNU_SOURCE 1
| #define _POSIX_PTHREAD_SEMANTICS 1
| #define _TANDEM_SOURCE 1
| #define HAVE_DLFCN_H 1
| #define LT_OBJDIR ".libs/"
| #define STDC_HEADERS 1
| #define HAVE_STDINT_H 1
| #define HAVE_SYS_TYPES_H 1
| #define HAVE_SIGNAL_H 1
| #define HAVE_FCNTL_H 1
| #define HAVE_LOCALE_H 1
| #define HAVE_STDDEF_H 1
| #define HAVE_WCHAR_H 1
| #define HAVE_DLFCN_H 1
| #define HAVE_SYS_TIME_H 1
| #define HAVE_SIG_ATOMIC_T 1
| #define COB_KEYWORD_INLINE __inline
| #define HAVE_VPRINTF 1
| #define HAVE_MEMMOVE 1
| #define HAVE_MEMSET 1
| #define HAVE_SETLOCALE 1
| #define HAVE_FCNTL 1
| #define HAVE_STRERROR 1
| #define HAVE_STRCASECMP 1
| #define HAVE_STRCHR 1
| #define HAVE_STRRCHR 1
| #define HAVE_STRDUP 1
| #define HAVE_STRSTR 1
| #define HAVE_STRTOL 1
| #define HAVE_GETTIMEOFDAY 1
| #define HAVE_LOCALECONV 1
| #define HAVE_READLINK 1
| #define HAVE_REALPATH 1
| #define HAVE_STRCOLL 1
| #define HAVE_STRXFRM 1
| #define HAVE_SETENV 1
| #define HAVE_RAISE 1
| #define HAVE_TIMEZONE 1
| #define HAVE_DESIGNATED_INITS 1
| #define WITH_VARSEQ 0
| #define HAVE_GMP_H 1
| #define HAVE_MP_GET_MEMORY_FUNCTIONS 1
| #define HAVE_NANO_SLEEP 1
| #define HAVE_FDATASYNC 1
| #define HAVE_SIGACTION 1
| #define HAVE_CFPREFERENCESCOPYAPPVALUE 1
| #define HAVE_CFLOCALECOPYCURRENT 1
| #define HAVE_ICONV 1
| #define HAVE_LANGINFO_CODESET 1
| /* end confdefs.h.  */
| 
| /* Override any GCC internal prototype to avoid an error.
|    Use char because int might match the return type of a GCC
|    builtin and then its argument prototype would still apply.  */
| #ifdef __cplusplus
| extern "C"
| #endif
| char initscr ();
| int
| main ()
| {
| return initscr ();
|   ;
|   return 0;
| }
configure:16460: result: no
configure:16512: checking for initscr in -lncurses
configure:16537: gcc -o conftest -g -O2   -L/usr/local/opt/llvm37/lib/llvm-3.7/lib -L/usr/local/opt/llvm37/lib/llvm-3.7/lib conftest.c -lncurses   >&5
configure:16537: $? = 0
configure:16546: result: yes
configure:16560: checking ncurses.h usability
configure:16560: gcc -c -g -O2  conftest.c >&5
configure:16560: $? = 0
configure:16560: result: yes
configure:16560: checking ncurses.h presence
configure:16560: gcc -E  conftest.c
configure:16560: $? = 0
configure:16560: result: yes
configure:16560: checking for ncurses.h
configure:16560: result: yes
configure:16806: checking for ncurses _nc_freeall function
configure:16820: gcc -o conftest -g -O2   -L/usr/local/opt/llvm37/lib/llvm-3.7/lib -L/usr/local/opt/llvm37/lib/llvm-3.7/lib conftest.c -lncurses  >&5
configure:16820: $? = 0
configure:16822: result: yes
configure:16830: checking for ncurses use_legacy_coding function
configure:16844: gcc -o conftest -g -O2   -L/usr/local/opt/llvm37/lib/llvm-3.7/lib -L/usr/local/opt/llvm37/lib/llvm-3.7/lib conftest.c -lncurses  >&5
configure:16844: $? = 0
configure:16846: result: yes
configure:16857: checking for curses color_set function
configure:16884: gcc -o conftest -g -O2   -L/usr/local/opt/llvm37/lib/llvm-3.7/lib -L/usr/local/opt/llvm37/lib/llvm-3.7/lib conftest.c -lncurses  >&5
configure:16884: $? = 0
configure:16886: result: yes
configure:16898: Checks for Berkeley DB ...
configure:16903: checking db.h usability
configure:16903: gcc -c -g -O2  conftest.c >&5
configure:16903: $? = 0
configure:16903: result: yes
configure:16903: checking db.h presence
configure:16903: gcc -E  conftest.c
configure:16903: $? = 0
configure:16903: result: yes
configure:16903: checking for db.h
configure:16903: result: yes
configure:16938: gcc -o conftest -g -O2   -L/usr/local/opt/llvm37/lib/llvm-3.7/lib -L/usr/local/opt/llvm37/lib/llvm-3.7/lib conftest.c -lncurses  >&5
configure:16938: $? = 0
configure:16938: ./conftest
configure:16938: $? = 0
configure:16950: checking for Berkeley DB db.h version >= 4.1
configure:16954: result: yes (6.2)
configure:16969: checking for Berkeley DB library with version 6.2
configure:16998: gcc -o conftest -g -O2   -L/usr/local/opt/llvm37/lib/llvm-3.7/lib -L/usr/local/opt/llvm37/lib/llvm-3.7/lib conftest.c -lncurses  -ldb >&5
configure:16998: $? = 0
configure:16998: ./conftest
configure:16998: $? = 0
configure:17012: result: yes
configure:17014: BDB library version 6.2 found as -ldb
configure:17051: gcc -o conftest -g -O2   -L/usr/local/opt/llvm37/lib/llvm-3.7/lib -L/usr/local/opt/llvm37/lib/llvm-3.7/lib conftest.c -lncurses  >&5
configure:17051: $? = 0
configure:17051: ./conftest
configure:17051: $? = 1
configure: program exited with status 1
configure: failed program was:
| /* confdefs.h */
| #define PACKAGE_NAME "GnuCOBOL"
| #define PACKAGE_TARNAME "gnu-cobol"
| #define PACKAGE_VERSION "2.0"
| #define PACKAGE_STRING "GnuCOBOL 2.0"
| #define PACKAGE_BUGREPORT "open-cobol-list@lists.sourceforge.net"
| #define PACKAGE_URL "http://www.opencobol.org"
| #define PACKAGE "gnu-cobol"
| #define VERSION "2.0"
| #define PATCH_LEVEL 0
| #define MAX_CALL_FIELD_PARAMS 192
| #define STDC_HEADERS 1
| #define HAVE_SYS_TYPES_H 1
| #define HAVE_SYS_STAT_H 1
| #define HAVE_STDLIB_H 1
| #define HAVE_STRING_H 1
| #define HAVE_MEMORY_H 1
| #define HAVE_STRINGS_H 1
| #define HAVE_INTTYPES_H 1
| #define HAVE_STDINT_H 1
| #define HAVE_UNISTD_H 1
| #define __EXTENSIONS__ 1
| #define _ALL_SOURCE 1
| #define _GNU_SOURCE 1
| #define _POSIX_PTHREAD_SEMANTICS 1
| #define _TANDEM_SOURCE 1
| #define HAVE_DLFCN_H 1
| #define LT_OBJDIR ".libs/"
| #define STDC_HEADERS 1
| #define HAVE_STDINT_H 1
| #define HAVE_SYS_TYPES_H 1
| #define HAVE_SIGNAL_H 1
| #define HAVE_FCNTL_H 1
| #define HAVE_LOCALE_H 1
| #define HAVE_STDDEF_H 1
| #define HAVE_WCHAR_H 1
| #define HAVE_DLFCN_H 1
| #define HAVE_SYS_TIME_H 1
| #define HAVE_SIG_ATOMIC_T 1
| #define COB_KEYWORD_INLINE __inline
| #define HAVE_VPRINTF 1
| #define HAVE_MEMMOVE 1
| #define HAVE_MEMSET 1
| #define HAVE_SETLOCALE 1
| #define HAVE_FCNTL 1
| #define HAVE_STRERROR 1
| #define HAVE_STRCASECMP 1
| #define HAVE_STRCHR 1
| #define HAVE_STRRCHR 1
| #define HAVE_STRDUP 1
| #define HAVE_STRSTR 1
| #define HAVE_STRTOL 1
| #define HAVE_GETTIMEOFDAY 1
| #define HAVE_LOCALECONV 1
| #define HAVE_READLINK 1
| #define HAVE_REALPATH 1
| #define HAVE_STRCOLL 1
| #define HAVE_STRXFRM 1
| #define HAVE_SETENV 1
| #define HAVE_RAISE 1
| #define HAVE_TIMEZONE 1
| #define HAVE_DESIGNATED_INITS 1
| #define WITH_VARSEQ 0
| #define HAVE_GMP_H 1
| #define HAVE_MP_GET_MEMORY_FUNCTIONS 1
| #define HAVE_NANO_SLEEP 1
| #define HAVE_FDATASYNC 1
| #define HAVE_SIGACTION 1
| #define HAVE_CFPREFERENCESCOPYAPPVALUE 1
| #define HAVE_CFLOCALECOPYCURRENT 1
| #define HAVE_ICONV 1
| #define HAVE_LANGINFO_CODESET 1
| #define HAVE_LIBNCURSES 1
| #define HAVE_NCURSES_H 1
| #define WITH_CURSES "ncurses"
| #define HAVE_CURSES_FREEALL 1
| #define HAVE_USE_LEGACY_CODING 1
| #define HAVE_COLOR_SET 1
| #define HAVE_DB_H 1
| #define WITH_DB 1
| /* end confdefs.h.  */
| 
| int
| main ()
| {
| 
| 	#ifdef _WIN32
| 	return 0;
| 	#else
| 	return 1;
| 	#endif
|   ;
|   return 0;
| }
configure:17061: checking for dlopen in -lc
configure:17086: gcc -o conftest -g -O2   -L/usr/local/opt/llvm37/lib/llvm-3.7/lib -L/usr/local/opt/llvm37/lib/llvm-3.7/lib conftest.c -lc  -lncurses  >&5
configure:17086: $? = 0
configure:17095: result: yes
configure:17278: checking for dladdr in -lc
configure:17303: gcc -o conftest -g -O2   -L/usr/local/opt/llvm37/lib/llvm-3.7/lib -L/usr/local/opt/llvm37/lib/llvm-3.7/lib conftest.c -lc  -lncurses  >&5
configure:17303: $? = 0
configure:17312: result: yes
configure:17383: checking for working strftime
configure:17415: gcc -o conftest -g -O2   -L/usr/local/opt/llvm37/lib/llvm-3.7/lib -L/usr/local/opt/llvm37/lib/llvm-3.7/lib conftest.c -lncurses  >&5
configure:17415: $? = 0
configure:17415: ./conftest
configure:17415: $? = 0
configure:17417: result: yes
configure:17429: checking if size of long int = size of long long
configure:17452: gcc -o conftest -g -O2   -L/usr/local/opt/llvm37/lib/llvm-3.7/lib -L/usr/local/opt/llvm37/lib/llvm-3.7/lib conftest.c -lncurses  >&5
configure:17452: $? = 0
configure:17452: ./conftest
configure:17452: $? = 0
configure:17454: result: yes
configure:17465: checking if long is 32 bits
configure:17488: gcc -o conftest -g -O2   -L/usr/local/opt/llvm37/lib/llvm-3.7/lib -L/usr/local/opt/llvm37/lib/llvm-3.7/lib conftest.c -lncurses  >&5
configure:17488: $? = 0
configure:17488: ./conftest
configure:17488: $? = 1
configure: program exited with status 1
configure: failed program was:
| /* confdefs.h */
| #define PACKAGE_NAME "GnuCOBOL"
| #define PACKAGE_TARNAME "gnu-cobol"
| #define PACKAGE_VERSION "2.0"
| #define PACKAGE_STRING "GnuCOBOL 2.0"
| #define PACKAGE_BUGREPORT "open-cobol-list@lists.sourceforge.net"
| #define PACKAGE_URL "http://www.opencobol.org"
| #define PACKAGE "gnu-cobol"
| #define VERSION "2.0"
| #define PATCH_LEVEL 0
| #define MAX_CALL_FIELD_PARAMS 192
| #define STDC_HEADERS 1
| #define HAVE_SYS_TYPES_H 1
| #define HAVE_SYS_STAT_H 1
| #define HAVE_STDLIB_H 1
| #define HAVE_STRING_H 1
| #define HAVE_MEMORY_H 1
| #define HAVE_STRINGS_H 1
| #define HAVE_INTTYPES_H 1
| #define HAVE_STDINT_H 1
| #define HAVE_UNISTD_H 1
| #define __EXTENSIONS__ 1
| #define _ALL_SOURCE 1
| #define _GNU_SOURCE 1
| #define _POSIX_PTHREAD_SEMANTICS 1
| #define _TANDEM_SOURCE 1
| #define HAVE_DLFCN_H 1
| #define LT_OBJDIR ".libs/"
| #define STDC_HEADERS 1
| #define HAVE_STDINT_H 1
| #define HAVE_SYS_TYPES_H 1
| #define HAVE_SIGNAL_H 1
| #define HAVE_FCNTL_H 1
| #define HAVE_LOCALE_H 1
| #define HAVE_STDDEF_H 1
| #define HAVE_WCHAR_H 1
| #define HAVE_DLFCN_H 1
| #define HAVE_SYS_TIME_H 1
| #define HAVE_SIG_ATOMIC_T 1
| #define COB_KEYWORD_INLINE __inline
| #define HAVE_VPRINTF 1
| #define HAVE_MEMMOVE 1
| #define HAVE_MEMSET 1
| #define HAVE_SETLOCALE 1
| #define HAVE_FCNTL 1
| #define HAVE_STRERROR 1
| #define HAVE_STRCASECMP 1
| #define HAVE_STRCHR 1
| #define HAVE_STRRCHR 1
| #define HAVE_STRDUP 1
| #define HAVE_STRSTR 1
| #define HAVE_STRTOL 1
| #define HAVE_GETTIMEOFDAY 1
| #define HAVE_LOCALECONV 1
| #define HAVE_READLINK 1
| #define HAVE_REALPATH 1
| #define HAVE_STRCOLL 1
| #define HAVE_STRXFRM 1
| #define HAVE_SETENV 1
| #define HAVE_RAISE 1
| #define HAVE_TIMEZONE 1
| #define HAVE_DESIGNATED_INITS 1
| #define WITH_VARSEQ 0
| #define HAVE_GMP_H 1
| #define HAVE_MP_GET_MEMORY_FUNCTIONS 1
| #define HAVE_NANO_SLEEP 1
| #define HAVE_FDATASYNC 1
| #define HAVE_SIGACTION 1
| #define HAVE_CFPREFERENCESCOPYAPPVALUE 1
| #define HAVE_CFLOCALECOPYCURRENT 1
| #define HAVE_ICONV 1
| #define HAVE_LANGINFO_CODESET 1
| #define HAVE_LIBNCURSES 1
| #define HAVE_NCURSES_H 1
| #define WITH_CURSES "ncurses"
| #define HAVE_CURSES_FREEALL 1
| #define HAVE_USE_LEGACY_CODING 1
| #define HAVE_COLOR_SET 1
| #define HAVE_DB_H 1
| #define WITH_DB 1
| #define USE_LIBDL 1
| #define HAVE_DLADDR 1
| #define COB_STRFTIME 1
| #define COB_LI_IS_LL 1
| /* end confdefs.h.  */
| 
| int
| main ()
| {
| 
| 	if (sizeof (long) == 4)
| 		return 0;
| 	return 1;
| 
|   ;
|   return 0;
| }
configure:17493: result: no
configure:17502: checking if pointer is longer than 32 bits
configure:17525: gcc -o conftest -g -O2   -L/usr/local/opt/llvm37/lib/llvm-3.7/lib -L/usr/local/opt/llvm37/lib/llvm-3.7/lib conftest.c -lncurses  >&5
configure:17525: $? = 0
configure:17525: ./conftest
configure:17525: $? = 0
configure:17527: result: yes
configure:17542: checking for gcc pointer sign option
configure:17555: gcc -c -g -O2 -Wno-pointer-sign  conftest.c >&5
configure:17555: $? = 0
configure:17557: result: yes
configure:17592: checking for aligned attribute
configure:17605: gcc -c -g -O2  conftest.c >&5
configure:17605: $? = 0
configure:17607: result: yes
configure:18057: checking that generated files are newer than configure
configure:18063: result: done
configure:18095: creating ./config.status

## ---------------------- ##
## Running config.status. ##
## ---------------------- ##

This file was extended by GnuCOBOL config.status 2.0, which was
generated by GNU Autoconf 2.69.  Invocation command line was

  CONFIG_FILES    = 
  CONFIG_HEADERS  = 
  CONFIG_LINKS    = 
  CONFIG_COMMANDS = 
  $ ./config.status 

on latitude

config.status:1224: creating bin/cob-config
config.status:1224: creating Makefile
config.status:1224: creating libcob/Makefile
config.status:1224: creating lib/Makefile
config.status:1224: creating cobc/Makefile
config.status:1224: creating bin/Makefile
config.status:1224: creating po/Makefile.in
config.status:1224: creating doc/Makefile
config.status:1224: creating config/Makefile
config.status:1224: creating copy/Makefile
config.status:1224: creating tests/atlocal
config.status:1224: creating tests/Makefile
config.status:1224: creating tests/cobol85/Makefile
config.status:1224: creating extras/Makefile
config.status:1224: creating config.h
config.status:1453: executing tests/atconfig commands
config.status:1453: executing depfiles commands
config.status:1453: executing libtool commands
config.status:1453: executing po-directories commands
config.status:1453: executing chmod1 commands
config.status:1453: executing chmod2 commands
config.status:1453: executing chmod3 commands
configure:20411: GnuCOBOL Configuration:
configure:20413:  CC                gcc
configure:20415:  CFLAGS            -O2 -pipe
configure:20417:  COB_CFLAGS        -I/usr/local/include -pipe
configure:20419:  LDFLAGS            -L/usr/local/opt/llvm37/lib/llvm-3.7/lib -L/usr/local/opt/llvm37/lib/llvm-3.7/lib
configure:20421:  COB_LDFLAGS        -L/usr/local/opt/llvm37/lib/llvm-3.7/lib -L/usr/local/opt/llvm37/lib/llvm-3.7/lib
configure:20427:  COB_LIBS           -L/usr/local/opt/llvm37/lib/llvm-3.7/lib -L/usr/local/opt/llvm37/lib/llvm-3.7/lib -L${exec_prefix}/lib -lcob -lm -lgmp -lncurses -ldb
configure:20429:  COB_CONFIG_DIR    ${datarootdir}/gnu-cobol/config
configure:20431:  COB_COPY_DIR      ${datarootdir}/gnu-cobol/copy
configure:20433:  COB_LIBRARY_PATH  ${exec_prefix}/lib/gnu-cobol
configure:20435:  COB_MODULE_EXT    dylib
configure:20437:  COB_OBJECT_EXT    o
configure:20439:  COB_SHARED_OPT    -bundle -flat_namespace -undefined suppress
configure:20441:  COB_PIC_FLAGS     -fno-common -DPIC
configure:20443:  COB_EXPORT_DYN    
configure:20446:  COB_STRIP_CMD     strip -x
configure:20450:  Dynamic loading:                             System
configure:20456:  Use gettext for international messages:      no
configure:20458:  Use fcntl for file locking:                  yes
configure:20470:  Use ncurses/pdcurses/curses for screen I/O:  ncurses
configure:20491:  Use Berkeley DB for ISAM I/O:                yes

## ---------------- ##
## Cache variables. ##
## ---------------- ##

ac_cv_build=x86_64-apple-darwin15.6.0
ac_cv_c_bigendian=no
ac_cv_c_compiler_gnu=yes
ac_cv_c_const=yes
ac_cv_env_CC_set=
ac_cv_env_CC_value=
ac_cv_env_CFLAGS_set=
ac_cv_env_CFLAGS_value=
ac_cv_env_CPPFLAGS_set=
ac_cv_env_CPPFLAGS_value=
ac_cv_env_CPP_set=
ac_cv_env_CPP_value=
ac_cv_env_LDFLAGS_set=set
ac_cv_env_LDFLAGS_value=' -L/usr/local/opt/llvm37/lib/llvm-3.7/lib -L/usr/local/opt/llvm37/lib/llvm-3.7/lib'
ac_cv_env_LIBS_set=
ac_cv_env_LIBS_value=
ac_cv_env_LT_SYS_LIBRARY_PATH_set=
ac_cv_env_LT_SYS_LIBRARY_PATH_value=
ac_cv_env_build_alias_set=
ac_cv_env_build_alias_value=
ac_cv_env_host_alias_set=
ac_cv_env_host_alias_value=
ac_cv_env_target_alias_set=
ac_cv_env_target_alias_value=
ac_cv_func__doprnt=no
ac_cv_func_canonicalize_file_name=no
ac_cv_func_fcntl=yes
ac_cv_func_fdatasync=yes
ac_cv_func_getexecname=no
ac_cv_func_gettimeofday=yes
ac_cv_func_localeconv=yes
ac_cv_func_memmove=yes
ac_cv_func_memset=yes
ac_cv_func_raise=yes
ac_cv_func_readlink=yes
ac_cv_func_realpath=yes
ac_cv_func_setenv=yes
ac_cv_func_setlocale=yes
ac_cv_func_sigaction=yes
ac_cv_func_strcasecmp=yes
ac_cv_func_strchr=yes
ac_cv_func_strcoll=yes
ac_cv_func_strdup=yes
ac_cv_func_strerror=yes
ac_cv_func_strrchr=yes
ac_cv_func_strstr=yes
ac_cv_func_strtol=yes
ac_cv_func_strxfrm=yes
ac_cv_func_vprintf=yes
ac_cv_header_db_h=yes
ac_cv_header_dlfcn_h=yes
ac_cv_header_fcntl_h=yes
ac_cv_header_gmp_h=yes
ac_cv_header_inttypes_h=yes
ac_cv_header_locale_h=yes
ac_cv_header_malloc_h=no
ac_cv_header_memory_h=yes
ac_cv_header_minix_config_h=no
ac_cv_header_ncurses_h=yes
ac_cv_header_signal_h=yes
ac_cv_header_stdc=yes
ac_cv_header_stddef_h=yes
ac_cv_header_stdint_h=yes
ac_cv_header_stdlib_h=yes
ac_cv_header_string_h=yes
ac_cv_header_strings_h=yes
ac_cv_header_sys_stat_h=yes
ac_cv_header_sys_time_h=yes
ac_cv_header_sys_types_h=yes
ac_cv_header_unistd_h=yes
ac_cv_header_wchar_h=yes
ac_cv_host=x86_64-apple-darwin15.6.0
ac_cv_lib_c_dladdr=yes
ac_cv_lib_c_dlopen=yes
ac_cv_lib_dl_dlopen=yes
ac_cv_lib_gmp___gmp_get_memory_functions=yes
ac_cv_lib_gmp___gmpz_init=yes
ac_cv_lib_ncurses_initscr=yes
ac_cv_lib_ncursesw_initscr=no
ac_cv_objext=o
ac_cv_path_EGREP='/usr/bin/grep -E'
ac_cv_path_FGREP='/usr/bin/grep -F'
ac_cv_path_GMSGFMT=:
ac_cv_path_GREP=/usr/bin/grep
ac_cv_path_MSGFMT=:
ac_cv_path_MSGMERGE=:
ac_cv_path_SED=/usr/bin/sed
ac_cv_path_XGETTEXT=:
ac_cv_path_install='/usr/bin/install -c'
ac_cv_path_lt_DD=/bin/dd
ac_cv_prog_AWK=awk
ac_cv_prog_CPP='gcc -E'
ac_cv_prog_ac_ct_AR=ar
ac_cv_prog_ac_ct_CC=gcc
ac_cv_prog_ac_ct_DSYMUTIL=dsymutil
ac_cv_prog_ac_ct_LIPO=lipo
ac_cv_prog_ac_ct_NMEDIT=nmedit
ac_cv_prog_ac_ct_OTOOL=otool
ac_cv_prog_ac_ct_RANLIB=ranlib
ac_cv_prog_ac_ct_STRIP=strip
ac_cv_prog_cc_c89=
ac_cv_prog_cc_c99=
ac_cv_prog_cc_g=yes
ac_cv_prog_cc_stdc=
ac_cv_prog_make_make_set=yes
ac_cv_safe_to_define___extensions__=yes
ac_cv_struct_tm=time.h
ac_cv_type_sig_atomic_t=yes
ac_cv_type_size_t=yes
acl_cv_hardcode_direct=no
acl_cv_hardcode_libdir_flag_spec=
acl_cv_hardcode_libdir_separator=
acl_cv_hardcode_minus_L=no
acl_cv_libext=a
acl_cv_libname_spec='lib$name'
acl_cv_library_names_spec='$libname$shrext'
acl_cv_path_LD=/Applications/Xcode.app/Contents/Developer/Toolchains/XcodeDefault.xctoolchain/usr/bin/ld
acl_cv_prog_gnu_ld=no
acl_cv_rpath=done
acl_cv_shlibext=dylib
acl_cv_wl=-Wl,
am_cv_CC_dependencies_compiler_type=gcc3
am_cv_func_iconv=yes
am_cv_func_iconv_works=yes
am_cv_langinfo_codeset=yes
am_cv_lib_iconv=yes
am_cv_make_support_nested_variables=yes
am_cv_prog_cc_c_o=yes
gt_cv_func_CFLocaleCopyCurrent=yes
gt_cv_func_CFPreferencesCopyAppValue=yes
gt_cv_func_gnugettext1_libc=no
gt_cv_func_gnugettext1_libintl=no
lt_cv_apple_cc_single_mod=yes
lt_cv_ar_at_file=no
lt_cv_deplibs_check_method=pass_all
lt_cv_dlopen=dlopen
lt_cv_dlopen_libs=-ldl
lt_cv_dlopen_self=yes
lt_cv_dlopen_self_static=yes
lt_cv_file_magic_cmd='$MAGIC_CMD'
lt_cv_file_magic_test_file=
lt_cv_ld_exported_symbols_list=yes
lt_cv_ld_force_load=yes
lt_cv_ld_reload_flag=-r
lt_cv_nm_interface='BSD nm'
lt_cv_objdir=.libs
lt_cv_path_LD=/Applications/Xcode.app/Contents/Developer/Toolchains/XcodeDefault.xctoolchain/usr/bin/ld
lt_cv_path_NM='/usr/bin/nm -B'
lt_cv_path_mainfest_tool=no
lt_cv_prog_compiler_c_o=yes
lt_cv_prog_compiler_pic='-fno-common -DPIC'
lt_cv_prog_compiler_pic_works=yes
lt_cv_prog_compiler_rtti_exceptions=yes
lt_cv_prog_compiler_static_works=no
lt_cv_prog_gnu_ld=no
lt_cv_sharedlib_from_linklib_cmd='printf %s\n'
lt_cv_sys_global_symbol_pipe='sed -n -e '\''s/^.*[	 ]\([BCDEGRST][BCDEGRST]*\)[	 ][	 ]*_\([_A-Za-z][_A-Za-z0-9]*\)$/\1 _\2 \2/p'\'' | sed '\''/ __gnu_lto/d'\'''
lt_cv_sys_global_symbol_to_c_name_address='sed -n -e '\''s/^: \(.*\) .*$/  {"\1", (void *) 0},/p'\'' -e '\''s/^[BCDEGRST][BCDEGRST]* .* \(.*\)$/  {"\1", (void *) \&\1},/p'\'''
lt_cv_sys_global_symbol_to_c_name_address_lib_prefix='sed -n -e '\''s/^: \(.*\) .*$/  {"\1", (void *) 0},/p'\'' -e '\''s/^[BCDEGRST][BCDEGRST]* .* \(lib.*\)$/  {"\1", (void *) \&\1},/p'\'' -e '\''s/^[BCDEGRST][BCDEGRST]* .* \(.*\)$/  {"lib\1", (void *) \&\1},/p'\'''
lt_cv_sys_global_symbol_to_cdecl='sed -n -e '\''s/^T .* \(.*\)$/extern int \1();/p'\'' -e '\''s/^[BCDEGRST][BCDEGRST]* .* \(.*\)$/extern char \1;/p'\'''
lt_cv_sys_global_symbol_to_import=
lt_cv_sys_max_cmd_len=196608
lt_cv_to_host_file_cmd=func_convert_file_noop
lt_cv_to_tool_file_cmd=func_convert_file_noop
lt_cv_truncate_bin='/bin/dd bs=4096 count=1'

## ----------------- ##
## Output variables. ##
## ----------------- ##

ACLOCAL='${SHELL} /Users/tjwebb/workspace/tjwebb/learning-cobol/gnu-cobol-2.0/build_aux/missing aclocal-1.15'
AMDEPBACKSLASH='\'
AMDEP_FALSE='#'
AMDEP_TRUE=''
AMTAR='$${TAR-tar}'
AM_BACKSLASH='\'
AM_DEFAULT_V='$(AM_DEFAULT_VERBOSITY)'
AM_DEFAULT_VERBOSITY='1'
AM_V='$(V)'
AR='ar'
AS='as'
AUTOCONF='${SHELL} /Users/tjwebb/workspace/tjwebb/learning-cobol/gnu-cobol-2.0/build_aux/missing autoconf'
AUTOHEADER='${SHELL} /Users/tjwebb/workspace/tjwebb/learning-cobol/gnu-cobol-2.0/build_aux/missing autoheader'
AUTOMAKE='${SHELL} /Users/tjwebb/workspace/tjwebb/learning-cobol/gnu-cobol-2.0/build_aux/missing automake-1.15'
AWK='awk'
CC='gcc'
CCDEPMODE='depmode=gcc3'
CFLAGS='-O2 -pipe'
COBC_LIBS=''
COB_BIGENDIAN='no'
COB_CC='gcc'
COB_CFLAGS='-I/usr/local/include -pipe'
COB_CONFIG_DIR='${datarootdir}/gnu-cobol/config'
COB_COPY_DIR='${datarootdir}/gnu-cobol/copy'
COB_EXPORT_DYN=''
COB_FIX_LIB=''
COB_FIX_LIBTOOL=''
COB_HAS_CURSES='yes'
COB_HAS_ISAM='yes'
COB_HAS_UTC_OFFSET='yes'
COB_KEYWORD_INLINE=''
COB_LDFLAGS=' -L/usr/local/opt/llvm37/lib/llvm-3.7/lib -L/usr/local/opt/llvm37/lib/llvm-3.7/lib'
COB_LIBRARY_PATH='${exec_prefix}/lib/gnu-cobol'
COB_LIBS=' -L/usr/local/opt/llvm37/lib/llvm-3.7/lib -L/usr/local/opt/llvm37/lib/llvm-3.7/lib -L${exec_prefix}/lib -lcob -lm -lgmp -lncurses -ldb'
COB_MAKE_IX_FALSE='#'
COB_MAKE_IX_TRUE=''
COB_MODULE_EXT='dylib'
COB_OBJECT_EXT='o'
COB_PATCH_LEVEL='0'
COB_PIC_FLAGS='-fno-common -DPIC'
COB_SHARED_OPT='-bundle -flat_namespace -undefined suppress'
CPP='gcc -E'
CPPFLAGS=''
CYGPATH_W='echo'
DEFS='-DHAVE_CONFIG_H'
DEPDIR='.deps'
DLLTOOL='false'
DSYMUTIL='dsymutil'
DUMPBIN=''
ECHO_C='\c'
ECHO_N=''
ECHO_T=''
EGREP='/usr/bin/grep -E'
EXEEXT=''
FGREP='/usr/bin/grep -F'
GETTEXT_MACRO_VERSION='0.19'
GMSGFMT=':'
GMSGFMT_015=':'
GREP='/usr/bin/grep'
INSTALL_DATA='${INSTALL} -m 644'
INSTALL_PROGRAM='${INSTALL}'
INSTALL_SCRIPT='${INSTALL}'
INSTALL_STRIP_PROGRAM='$(install_sh) -c -s'
INTLLIBS=''
INTL_MACOSX_LIBS='-Wl,-framework -Wl,CoreFoundation'
LD='/Applications/Xcode.app/Contents/Developer/Toolchains/XcodeDefault.xctoolchain/usr/bin/ld'
LDFLAGS=' -L/usr/local/opt/llvm37/lib/llvm-3.7/lib -L/usr/local/opt/llvm37/lib/llvm-3.7/lib'
LIBCOB_LIBS='-lm -lgmp -lncurses -ldb'
LIBICONV='-liconv'
LIBINTL=''
LIBOBJS=''
LIBS=''
LIBTOOL='$(SHELL) $(top_builddir)/libtool'
LIPO='lipo'
LN_S='ln -s'
LTLIBICONV='-liconv'
LTLIBINTL=''
LTLIBOBJS=''
LT_SYS_LIBRARY_PATH=''
MAINT='#'
MAINTAINER_MODE_FALSE=''
MAINTAINER_MODE_TRUE='#'
MAKEINFO='${SHELL} /Users/tjwebb/workspace/tjwebb/learning-cobol/gnu-cobol-2.0/build_aux/missing makeinfo'
MANIFEST_TOOL=':'
MKDIR_P='build_aux/install-sh -c -d'
MSGFMT=':'
MSGFMT_015=':'
MSGMERGE=':'
NM='/usr/bin/nm -B'
NMEDIT='nmedit'
OBJDUMP='false'
OBJEXT='o'
OTOOL64=':'
OTOOL='otool'
PACKAGE='gnu-cobol'
PACKAGE_BUGREPORT='open-cobol-list@lists.sourceforge.net'
PACKAGE_NAME='GnuCOBOL'
PACKAGE_STRING='GnuCOBOL 2.0'
PACKAGE_TARNAME='gnu-cobol'
PACKAGE_URL='http://www.opencobol.org'
PACKAGE_VERSION='2.0'
PATH_SEPARATOR=':'
POSUB=''
RANLIB='ranlib'
SED='/usr/bin/sed'
SET_MAKE=''
SHELL='/bin/sh'
STRIP='strip'
USE_NLS='no'
VERSION='2.0'
XGETTEXT=':'
XGETTEXT_015=':'
XGETTEXT_EXTRA_OPTIONS=''
ac_ct_AR='ar'
ac_ct_CC='gcc'
ac_ct_DUMPBIN=''
am__EXEEXT_FALSE=''
am__EXEEXT_TRUE='#'
am__fastdepCC_FALSE='#'
am__fastdepCC_TRUE=''
am__include='include'
am__isrc=''
am__leading_dot='.'
am__nodep='_no'
am__quote=''
am__tar='$${TAR-tar} chof - "$$tardir"'
am__untar='$${TAR-tar} xf -'
bindir='${exec_prefix}/bin'
build='x86_64-apple-darwin15.6.0'
build_alias=''
build_cpu='x86_64'
build_os='darwin15.6.0'
build_vendor='apple'
datadir='${datarootdir}'
datarootdir='${prefix}/share'
docdir='${datarootdir}/doc/${PACKAGE_TARNAME}'
dvidir='${docdir}'
exec_prefix='${prefix}'
host='x86_64-apple-darwin15.6.0'
host_alias=''
host_cpu='x86_64'
host_os='darwin15.6.0'
host_vendor='apple'
htmldir='${docdir}'
includedir='${prefix}/include'
infodir='${datarootdir}/info'
install_sh='${SHELL} /Users/tjwebb/workspace/tjwebb/learning-cobol/gnu-cobol-2.0/build_aux/install-sh'
libdir='${exec_prefix}/lib'
libexecdir='${exec_prefix}/libexec'
localedir='${datarootdir}/locale'
localstatedir='${prefix}/var'
mandir='${datarootdir}/man'
mkdir_p='$(MKDIR_P)'
oldincludedir='/usr/include'
pdfdir='${docdir}'
prefix='/usr/local'
program_transform_name='s,x,x,'
psdir='${docdir}'
sbindir='${exec_prefix}/sbin'
sharedstatedir='${prefix}/com'
sysconfdir='${prefix}/etc'
target_alias=''

## ----------- ##
## confdefs.h. ##
## ----------- ##

/* confdefs.h */
#define PACKAGE_NAME "GnuCOBOL"
#define PACKAGE_TARNAME "gnu-cobol"
#define PACKAGE_VERSION "2.0"
#define PACKAGE_STRING "GnuCOBOL 2.0"
#define PACKAGE_BUGREPORT "open-cobol-list@lists.sourceforge.net"
#define PACKAGE_URL "http://www.opencobol.org"
#define PACKAGE "gnu-cobol"
#define VERSION "2.0"
#define PATCH_LEVEL 0
#define MAX_CALL_FIELD_PARAMS 192
#define STDC_HEADERS 1
#define HAVE_SYS_TYPES_H 1
#define HAVE_SYS_STAT_H 1
#define HAVE_STDLIB_H 1
#define HAVE_STRING_H 1
#define HAVE_MEMORY_H 1
#define HAVE_STRINGS_H 1
#define HAVE_INTTYPES_H 1
#define HAVE_STDINT_H 1
#define HAVE_UNISTD_H 1
#define __EXTENSIONS__ 1
#define _ALL_SOURCE 1
#define _GNU_SOURCE 1
#define _POSIX_PTHREAD_SEMANTICS 1
#define _TANDEM_SOURCE 1
#define HAVE_DLFCN_H 1
#define LT_OBJDIR ".libs/"
#define STDC_HEADERS 1
#define HAVE_STDINT_H 1
#define HAVE_SYS_TYPES_H 1
#define HAVE_SIGNAL_H 1
#define HAVE_FCNTL_H 1
#define HAVE_LOCALE_H 1
#define HAVE_STDDEF_H 1
#define HAVE_WCHAR_H 1
#define HAVE_DLFCN_H 1
#define HAVE_SYS_TIME_H 1
#define HAVE_SIG_ATOMIC_T 1
#define COB_KEYWORD_INLINE __inline
#define HAVE_VPRINTF 1
#define HAVE_MEMMOVE 1
#define HAVE_MEMSET 1
#define HAVE_SETLOCALE 1
#define HAVE_FCNTL 1
#define HAVE_STRERROR 1
#define HAVE_STRCASECMP 1
#define HAVE_STRCHR 1
#define HAVE_STRRCHR 1
#define HAVE_STRDUP 1
#define HAVE_STRSTR 1
#define HAVE_STRTOL 1
#define HAVE_GETTIMEOFDAY 1
#define HAVE_LOCALECONV 1
#define HAVE_READLINK 1
#define HAVE_REALPATH 1
#define HAVE_STRCOLL 1
#define HAVE_STRXFRM 1
#define HAVE_SETENV 1
#define HAVE_RAISE 1
#define HAVE_TIMEZONE 1
#define HAVE_DESIGNATED_INITS 1
#define WITH_VARSEQ 0
#define HAVE_GMP_H 1
#define HAVE_MP_GET_MEMORY_FUNCTIONS 1
#define HAVE_NANO_SLEEP 1
#define HAVE_FDATASYNC 1
#define HAVE_SIGACTION 1
#define HAVE_CFPREFERENCESCOPYAPPVALUE 1
#define HAVE_CFLOCALECOPYCURRENT 1
#define HAVE_ICONV 1
#define HAVE_LANGINFO_CODESET 1
#define HAVE_LIBNCURSES 1
#define HAVE_NCURSES_H 1
#define WITH_CURSES "ncurses"
#define HAVE_CURSES_FREEALL 1
#define HAVE_USE_LEGACY_CODING 1
#define HAVE_COLOR_SET 1
#define HAVE_DB_H 1
#define WITH_DB 1
#define USE_LIBDL 1
#define HAVE_DLADDR 1
#define COB_STRFTIME 1
#define COB_LI_IS_LL 1
#define COB_64_BIT_POINTER 1
#define HAVE_PSIGN_OPT 1
#define HAVE_ATTRIBUTE_ALIGNED 1
#define COB_EXPORT_DYN ""
#define COB_PIC_FLAGS "-fno-common -DPIC"
#define COB_SHARED_OPT "-bundle -flat_namespace -undefined suppress"
#define COB_EXEEXT ""
#define COB_STRIP_CMD "strip -x"

configure: exit 0
